
*** Running vivado
    with args -log PWM_Over_Comparator_0_2.vds -m64 -product Vivado -mode batch -messageDb vivado.pb -notrace -source PWM_Over_Comparator_0_2.tcl



****** Vivado v2022.2 (64-bit)
  **** SW Build 3671981 on Fri Oct 14 05:00:03 MDT 2022
  **** IP Build 3669848 on Fri Oct 14 08:30:02 MDT 2022
    ** Copyright 1986-2022 Xilinx, Inc. All Rights Reserved.

source PWM_Over_Comparator_0_2.tcl -notrace
create_project: Time (s): cpu = 00:00:05 ; elapsed = 00:00:10 . Memory (MB): peak = 1001.977 ; gain = 118.387
INFO: [IP_Flow 19-234] Refreshing IP repositories
INFO: [IP_Flow 19-1704] No user IP repositories specified
INFO: [IP_Flow 19-2313] Loaded Vivado IP repository 'C:/Xilinx/Vivado/2022.2/data/ip'.
INFO: [IP_Flow 19-6924] IPCACHE: Running cache check for IP inst: PWM_Over_Comparator_0_2
Command: synth_design -top PWM_Over_Comparator_0_2 -part xc7z020clg400-1 -incremental_mode off -mode out_of_context
Starting synth_design
Attempting to get a license for feature 'Synthesis' and/or device 'xc7z020'
INFO: [Common 17-349] Got license for feature 'Synthesis' and/or device 'xc7z020'
INFO: [Designutils 20-5008] Incremental synthesis strategy off
INFO: [Synth 8-7079] Multithreading enabled for synth_design using a maximum of 2 processes.
INFO: [Synth 8-7078] Launching helper process for spawning children vivado processes
INFO: [Synth 8-7075] Helper process launched with PID 5952
INFO: [Synth 8-11241] undeclared symbol 'REGCCE', assumed default net type 'wire' [C:/Xilinx/Vivado/2022.2/data/verilog/src/unimacro/BRAM_SINGLE_MACRO.v:2170]
---------------------------------------------------------------------------------
Starting Synthesize : Time (s): cpu = 00:00:05 ; elapsed = 00:00:09 . Memory (MB): peak = 1455.891 ; gain = 409.863
---------------------------------------------------------------------------------
INFO: [Synth 8-638] synthesizing module 'PWM_Over_Comparator_0_2' [c:/Users/daanv/Desktop/Git/PWM_controller_motor/PWM_control/PWM_control.gen/sources_1/bd/PWM_Over/ip/PWM_Over_Comparator_0_2/synth/PWM_Over_Comparator_0_2.vhd:64]
INFO: [Synth 8-3491] module 'Comparator' declared at 'C:/Users/daanv/Desktop/Git/PWM_controller_motor/PWM_control/PWM_control.srcs/sources_1/new/Comparator.vhd:34' bound to instance 'U0' of component 'Comparator' [c:/Users/daanv/Desktop/Git/PWM_controller_motor/PWM_control/PWM_control.gen/sources_1/bd/PWM_Over/ip/PWM_Over_Comparator_0_2/synth/PWM_Over_Comparator_0_2.vhd:83]
INFO: [Synth 8-638] synthesizing module 'Comparator' [C:/Users/daanv/Desktop/Git/PWM_controller_motor/PWM_control/PWM_control.srcs/sources_1/new/Comparator.vhd:40]
INFO: [Synth 8-256] done synthesizing module 'Comparator' (0#1) [C:/Users/daanv/Desktop/Git/PWM_controller_motor/PWM_control/PWM_control.srcs/sources_1/new/Comparator.vhd:40]
INFO: [Synth 8-256] done synthesizing module 'PWM_Over_Comparator_0_2' (0#1) [c:/Users/daanv/Desktop/Git/PWM_controller_motor/PWM_control/PWM_control.gen/sources_1/bd/PWM_Over/ip/PWM_Over_Comparator_0_2/synth/PWM_Over_Comparator_0_2.vhd:64]
---------------------------------------------------------------------------------
Finished Synthesize : Time (s): cpu = 00:00:06 ; elapsed = 00:00:12 . Memory (MB): peak = 1545.332 ; gain = 499.305
---------------------------------------------------------------------------------
---------------------------------------------------------------------------------
Finished Constraint Validation : Time (s): cpu = 00:00:06 ; elapsed = 00:00:13 . Memory (MB): peak = 1545.332 ; gain = 499.305
---------------------------------------------------------------------------------
---------------------------------------------------------------------------------
Start Loading Part and Timing Information
---------------------------------------------------------------------------------
Loading part: xc7z020clg400-1
---------------------------------------------------------------------------------
Finished Loading Part and Timing Information : Time (s): cpu = 00:00:06 ; elapsed = 00:00:13 . Memory (MB): peak = 1545.332 ; gain = 499.305
---------------------------------------------------------------------------------
INFO: [Device 21-403] Loading part xc7z020clg400-1
---------------------------------------------------------------------------------
Finished RTL Optimization Phase 2 : Time (s): cpu = 00:00:06 ; elapsed = 00:00:13 . Memory (MB): peak = 1545.332 ; gain = 499.305
---------------------------------------------------------------------------------
No constraint files found.
---------------------------------------------------------------------------------
Start RTL Component Statistics 
---------------------------------------------------------------------------------
Detailed RTL Component Info : 
---------------------------------------------------------------------------------
Finished RTL Component Statistics 
---------------------------------------------------------------------------------
---------------------------------------------------------------------------------
Start Part Resource Summary
---------------------------------------------------------------------------------
Part Resources:
DSPs: 220 (col length:60)
BRAMs: 280 (col length: RAMB18 60 RAMB36 30)
---------------------------------------------------------------------------------
Finished Part Resource Summary
---------------------------------------------------------------------------------
No constraint files found.
---------------------------------------------------------------------------------
Start Cross Boundary and Area Optimization
---------------------------------------------------------------------------------
WARNING: [Synth 8-7080] Parallel synthesis criteria is not met
---------------------------------------------------------------------------------
Finished Cross Boundary and Area Optimization : Time (s): cpu = 00:00:10 ; elapsed = 00:00:23 . Memory (MB): peak = 1750.047 ; gain = 704.020
---------------------------------------------------------------------------------
No constraint files found.
---------------------------------------------------------------------------------
Start Timing Optimization
---------------------------------------------------------------------------------
---------------------------------------------------------------------------------
Finished Timing Optimization : Time (s): cpu = 00:00:10 ; elapsed = 00:00:23 . Memory (MB): peak = 1750.918 ; gain = 704.891
---------------------------------------------------------------------------------
---------------------------------------------------------------------------------
Start Technology Mapping
---------------------------------------------------------------------------------
---------------------------------------------------------------------------------
Finished Technology Mapping : Time (s): cpu = 00:00:10 ; elapsed = 00:00:23 . Memory (MB): peak = 1751.125 ; gain = 705.098
---------------------------------------------------------------------------------
---------------------------------------------------------------------------------
Start IO Insertion
---------------------------------------------------------------------------------
---------------------------------------------------------------------------------
Start Flattening Before IO Insertion
---------------------------------------------------------------------------------
---------------------------------------------------------------------------------
Finished Flattening Before IO Insertion
---------------------------------------------------------------------------------
---------------------------------------------------------------------------------
Start Final Netlist Cleanup
---------------------------------------------------------------------------------
---------------------------------------------------------------------------------
Finished Final Netlist Cleanup
---------------------------------------------------------------------------------
---------------------------------------------------------------------------------
Finished IO Insertion : Time (s): cpu = 00:00:13 ; elapsed = 00:00:31 . Memory (MB): peak = 1751.125 ; gain = 705.098
---------------------------------------------------------------------------------
---------------------------------------------------------------------------------
Start Renaming Generated Instances
---------------------------------------------------------------------------------
---------------------------------------------------------------------------------
Finished Renaming Generated Instances : Time (s): cpu = 00:00:13 ; elapsed = 00:00:31 . Memory (MB): peak = 1751.125 ; gain = 705.098
---------------------------------------------------------------------------------
---------------------------------------------------------------------------------
Start Rebuilding User Hierarchy
---------------------------------------------------------------------------------
---------------------------------------------------------------------------------
Finished Rebuilding User Hierarchy : Time (s): cpu = 00:00:13 ; elapsed = 00:00:31 . Memory (MB): peak = 1751.125 ; gain = 705.098
---------------------------------------------------------------------------------
---------------------------------------------------------------------------------
Start Renaming Generated Ports
---------------------------------------------------------------------------------
---------------------------------------------------------------------------------
Finished Renaming Generated Ports : Time (s): cpu = 00:00:13 ; elapsed = 00:00:31 . Memory (MB): peak = 1751.125 ; gain = 705.098
---------------------------------------------------------------------------------
---------------------------------------------------------------------------------
Start Handling Custom Attributes
---------------------------------------------------------------------------------
---------------------------------------------------------------------------------
Finished Handling Custom Attributes : Time (s): cpu = 00:00:13 ; elapsed = 00:00:31 . Memory (MB): peak = 1751.125 ; gain = 705.098
---------------------------------------------------------------------------------
---------------------------------------------------------------------------------
Start Renaming Generated Nets
---------------------------------------------------------------------------------
---------------------------------------------------------------------------------
Finished Renaming Generated Nets : Time (s): cpu = 00:00:13 ; elapsed = 00:00:31 . Memory (MB): peak = 1751.125 ; gain = 705.098
---------------------------------------------------------------------------------
---------------------------------------------------------------------------------
Start Writing Synthesis Report
---------------------------------------------------------------------------------

Report BlackBoxes: 
+-+--------------+----------+
| |BlackBox name |Instances |
+-+--------------+----------+
+-+--------------+----------+

Report Cell Usage: 
+------+-------+------+
|      |Cell   |Count |
+------+-------+------+
|1     |CARRY4 |     1|
|2     |LUT4   |     8|
+------+-------+------+

Report Instance Areas: 
+------+---------+-----------+------+
|      |Instance |Module     |Cells |
+------+---------+-----------+------+
|1     |top      |           |     9|
|2     |  U0     |Comparator |     9|
+------+---------+-----------+------+
---------------------------------------------------------------------------------
Finished Writing Synthesis Report : Time (s): cpu = 00:00:13 ; elapsed = 00:00:31 . Memory (MB): peak = 1751.125 ; gain = 705.098
---------------------------------------------------------------------------------
Synthesis finished with 0 errors, 0 critical warnings and 1 warnings.
Synthesis Optimization Runtime : Time (s): cpu = 00:00:13 ; elapsed = 00:00:31 . Memory (MB): peak = 1751.125 ; gain = 705.098
Synthesis Optimization Complete : Time (s): cpu = 00:00:13 ; elapsed = 00:00:31 . Memory (MB): peak = 1751.125 ; gain = 705.098
INFO: [Project 1-571] Translating synthesized netlist
Netlist sorting complete. Time (s): cpu = 00:00:00 ; elapsed = 00:00:00 . Memory (MB): peak = 1763.988 ; gain = 0.000
INFO: [Netlist 29-17] Analyzing 1 Unisim elements for replacement
INFO: [Netlist 29-28] Unisim Transformation completed in 0 CPU seconds
INFO: [Project 1-570] Preparing netlist for logic optimization
INFO: [Opt 31-138] Pushed 0 inverter(s) to 0 load pin(s).
Netlist sorting complete. Time (s): cpu = 00:00:00 ; elapsed = 00:00:00 . Memory (MB): peak = 1865.551 ; gain = 0.000
INFO: [Project 1-111] Unisim Transformation Summary:
No Unisim elements were transformed.

Synth Design complete, checksum: 15445c81
INFO: [Common 17-83] Releasing license: Synthesis
23 Infos, 1 Warnings, 0 Critical Warnings and 0 Errors encountered.
synth_design completed successfully
synth_design: Time (s): cpu = 00:00:15 ; elapsed = 00:00:36 . Memory (MB): peak = 1865.551 ; gain = 820.527
INFO: [Timing 38-35] Done setting XDC timing constraints.
INFO: [Common 17-1381] The checkpoint 'C:/Users/daanv/Desktop/Git/PWM_controller_motor/PWM_control/PWM_control.runs/PWM_Over_Comparator_0_2_synth_1/PWM_Over_Comparator_0_2.dcp' has been generated.
write_checkpoint: Time (s): cpu = 00:00:05 ; elapsed = 00:00:13 . Memory (MB): peak = 2148.977 ; gain = 283.426
INFO: [Coretcl 2-1648] Added synthesis output to IP cache for IP PWM_Over_Comparator_0_2, cache-ID = 699dac8b23bcafaf
INFO: [Common 17-1381] The checkpoint 'C:/Users/daanv/Desktop/Git/PWM_controller_motor/PWM_control/PWM_control.runs/PWM_Over_Comparator_0_2_synth_1/PWM_Over_Comparator_0_2.dcp' has been generated.
INFO: [runtcl-4] Executing : report_utilization -file PWM_Over_Comparator_0_2_utilization_synth.rpt -pb PWM_Over_Comparator_0_2_utilization_synth.pb
INFO: [Common 17-206] Exiting Vivado at Mon May 22 13:11:03 2023...
