Copyright 1986-2022 Xilinx, Inc. All Rights Reserved. Copyright 2022-2023 Advanced Micro Devices, Inc. All Rights Reserved.
---------------------------------------------------------------------------------------------------------------------------------------------
| Tool Version : Vivado v.2023.1 (win64) Build 3865809 Sun May  7 15:05:29 MDT 2023
| Date         : Thu Jun 29 13:34:51 2023
| Host         : DaanAsus running 64-bit major release  (build 9200)
| Command      : report_control_sets -verbose -file Complete_design_car_wrapper_control_sets_placed.rpt
| Design       : Complete_design_car_wrapper
| Device       : xc7z020
---------------------------------------------------------------------------------------------------------------------------------------------

Control Set Information

Table of Contents
-----------------
1. Summary
2. Histogram
3. Flip-Flop Distribution
4. Detailed Control Set Information

1. Summary
----------

+----------------------------------------------------------+-------+
|                          Status                          | Count |
+----------------------------------------------------------+-------+
| Total control sets                                       |    61 |
|    Minimum number of control sets                        |    61 |
|    Addition due to synthesis replication                 |     0 |
|    Addition due to physical synthesis replication        |     0 |
| Unused register locations in slices containing registers |   143 |
+----------------------------------------------------------+-------+
* Control sets can be merged at opt_design using control_set_merge or merge_equivalent_drivers
** Run report_qor_suggestions for automated merging and remapping suggestions


2. Histogram
------------

+--------------------+-------+
|       Fanout       | Count |
+--------------------+-------+
| Total control sets |    61 |
| >= 0 to < 4        |     6 |
| >= 4 to < 6        |    14 |
| >= 6 to < 8        |     1 |
| >= 8 to < 10       |     7 |
| >= 10 to < 12      |     1 |
| >= 12 to < 14      |     6 |
| >= 14 to < 16      |     3 |
| >= 16              |    23 |
+--------------------+-------+
* Control sets can be remapped at either synth_design or opt_design


3. Flip-Flop Distribution
-------------------------

+--------------+-----------------------+------------------------+-----------------+--------------+
| Clock Enable | Synchronous Set/Reset | Asynchronous Set/Reset | Total Registers | Total Slices |
+--------------+-----------------------+------------------------+-----------------+--------------+
| No           | No                    | No                     |             486 |          131 |
| No           | No                    | Yes                    |              24 |            7 |
| No           | Yes                   | No                     |             266 |           85 |
| Yes          | No                    | No                     |             457 |          100 |
| Yes          | No                    | Yes                    |              16 |            4 |
| Yes          | Yes                   | No                     |             256 |           59 |
+--------------+-----------------------+------------------------+-----------------+--------------+


4. Detailed Control Set Information
-----------------------------------

+---------------------------------------------------------------------------------------------------+-----------------------------------------------------------------------------------------------------------------------------------------------------------------------------+--------------------------------------------------------------------------------------------------------------------------------------------------------------------+------------------+----------------+--------------+
|                                            Clock Signal                                           |                                                                                Enable Signal                                                                                |                                                                          Set/Reset Signal                                                                          | Slice Load Count | Bel Load Count | Bels / Slice |
+---------------------------------------------------------------------------------------------------+-----------------------------------------------------------------------------------------------------------------------------------------------------------------------------+--------------------------------------------------------------------------------------------------------------------------------------------------------------------+------------------+----------------+--------------+
|  Complete_design_car_i/PWM_generator_0/U0/PWM_Over_i/Comparator_0/U0/pwm_temp_reg/G0              |                                                                                                                                                                             |                                                                                                                                                                    |                1 |              1 |         1.00 |
|  Complete_design_car_i/PWM_generator_1/U0/PWM_Over_i/Comparator_0/U0/pwm_temp_reg/G0              |                                                                                                                                                                             |                                                                                                                                                                    |                1 |              1 |         1.00 |
|  Complete_design_car_i/processing_system7_0/inst/FCLK_CLK0                                        | Complete_design_car_i/axi_interconnect_0/s00_couplers/auto_pc/inst/gen_axilite.gen_b2s_conv.axilite_b2s/WR.aw_channel_0/aw_cmd_fsm_0/FSM_sequential_state_reg[0]_1          | Complete_design_car_i/axi_interconnect_0/s00_couplers/auto_pc/inst/gen_axilite.gen_b2s_conv.axilite_b2s/WR.aw_channel_0/aw_cmd_fsm_0/FSM_sequential_state_reg[0]_0 |                1 |              1 |         1.00 |
|  Complete_design_car_i/PWM_generator_0/U0/PWM_Over_i/DataChecker_0/U0/senddata_reg_i_1_n_0        |                                                                                                                                                                             | Complete_design_car_i/PWM_generator_0/U0/PWM_Over_i/Controller_0/U0/ready                                                                                          |                1 |              1 |         1.00 |
|  Complete_design_car_i/PWM_generator_1/U0/PWM_Over_i/DataChecker_0/U0/senddata_reg_i_1_n_0        |                                                                                                                                                                             | Complete_design_car_i/PWM_generator_1/U0/PWM_Over_i/Controller_0/U0/ready                                                                                          |                1 |              1 |         1.00 |
|  Complete_design_car_i/processing_system7_0/inst/FCLK_CLK0                                        | Complete_design_car_i/axi_interconnect_0/s00_couplers/auto_pc/inst/gen_axilite.gen_b2s_conv.axilite_b2s/WR.b_channel_0/bid_fifo_0/sel                                       |                                                                                                                                                                    |                1 |              2 |         2.00 |
|  Complete_design_car_i/processing_system7_0/inst/FCLK_CLK0                                        | Complete_design_car_i/axi_gpio_motor_1/U0/AXI_LITE_IPIF_I/I_SLAVE_ATTACHMENT/bus2ip_addr_i[8]_i_1_n_0                                                                       | Complete_design_car_i/axi_gpio_motor_1/U0/AXI_LITE_IPIF_I/I_SLAVE_ATTACHMENT/SR[0]                                                                                 |                1 |              4 |         4.00 |
|  Complete_design_car_i/processing_system7_0/inst/FCLK_CLK0                                        |                                                                                                                                                                             | Complete_design_car_i/PWM_generator_0/U0/PWM_Over_i/Controller_0/U0/FSM_onehot_presentstate[1]_i_2_n_0                                                             |                1 |              4 |         4.00 |
|  Complete_design_car_i/processing_system7_0/inst/FCLK_CLK0                                        |                                                                                                                                                                             | Complete_design_car_i/PWM_generator_1/U0/PWM_Over_i/Controller_0/U0/FSM_onehot_presentstate[1]_i_2_n_0                                                             |                1 |              4 |         4.00 |
|  Complete_design_car_i/processing_system7_0/inst/FCLK_CLK0                                        | Complete_design_car_i/axi_gpio_motor_0/U0/AXI_LITE_IPIF_I/I_SLAVE_ATTACHMENT/start2                                                                                         | Complete_design_car_i/axi_gpio_motor_0/U0/AXI_LITE_IPIF_I/I_SLAVE_ATTACHMENT/I_DECODER/cs_ce_clr                                                                   |                1 |              4 |         4.00 |
|  Complete_design_car_i/processing_system7_0/inst/FCLK_CLK0                                        | Complete_design_car_i/axi_gpio_motor_1/U0/AXI_LITE_IPIF_I/I_SLAVE_ATTACHMENT/start2                                                                                         | Complete_design_car_i/axi_gpio_motor_1/U0/AXI_LITE_IPIF_I/I_SLAVE_ATTACHMENT/I_DECODER/cs_ce_clr                                                                   |                1 |              4 |         4.00 |
|  Complete_design_car_i/processing_system7_0/inst/FCLK_CLK0                                        | Complete_design_car_i/axi_gpio_motor_0/U0/AXI_LITE_IPIF_I/I_SLAVE_ATTACHMENT/bus2ip_addr_i[8]_i_1_n_0                                                                       | Complete_design_car_i/axi_gpio_motor_0/U0/AXI_LITE_IPIF_I/I_SLAVE_ATTACHMENT/SR[0]                                                                                 |                1 |              4 |         4.00 |
|  Complete_design_car_i/processing_system7_0/inst/FCLK_CLK0                                        |                                                                                                                                                                             | Complete_design_car_i/axi_gpio_motor_0/U0/AXI_LITE_IPIF_I/I_SLAVE_ATTACHMENT/clear                                                                                 |                1 |              4 |         4.00 |
|  Complete_design_car_i/processing_system7_0/inst/FCLK_CLK0                                        |                                                                                                                                                                             | Complete_design_car_i/axi_gpio_motor_1/U0/AXI_LITE_IPIF_I/I_SLAVE_ATTACHMENT/clear                                                                                 |                1 |              4 |         4.00 |
|  Complete_design_car_i/processing_system7_0/inst/FCLK_CLK0                                        | Complete_design_car_i/axi_interconnect_0/s00_couplers/auto_pc/inst/gen_axilite.gen_b2s_conv.axilite_b2s/RD.ar_channel_0/ar_cmd_fsm_0/m_axi_arready_2                        | Complete_design_car_i/axi_interconnect_0/s00_couplers/auto_pc/inst/gen_axilite.gen_b2s_conv.axilite_b2s/RD.ar_channel_0/ar_cmd_fsm_0/FSM_sequential_state_reg[1]_0 |                2 |              4 |         2.00 |
|  Complete_design_car_i/processing_system7_0/inst/FCLK_CLK0                                        |                                                                                                                                                                             | Complete_design_car_i/rst_ps7_0_50M/U0/EXT_LPF/lpf_int                                                                                                             |                2 |              4 |         2.00 |
|  Complete_design_car_i/processing_system7_0/inst/FCLK_CLK0                                        |                                                                                                                                                                             | Complete_design_car_i/axi_interconnect_0/s00_couplers/auto_pc/inst/gen_axilite.gen_b2s_conv.axilite_b2s/SI_REG/ar.ar_pipe/aresetn_d_reg[1]_inv_0                   |                1 |              4 |         4.00 |
|  Complete_design_car_i/processing_system7_0/inst/FCLK_CLK0                                        |                                                                                                                                                                             | Complete_design_car_i/axi_interconnect_0/s00_couplers/auto_pc/inst/gen_axilite.gen_b2s_conv.axilite_b2s/SI_REG/aw.aw_pipe/aresetn_d_reg[0]_0                       |                2 |              4 |         2.00 |
|  Complete_design_car_i/processing_system7_0/inst/FCLK_CLK0                                        | Complete_design_car_i/axi_interconnect_0/s00_couplers/auto_pc/inst/gen_axilite.gen_b2s_conv.axilite_b2s/RD.r_channel_0/rd_data_fifo_0/cnt_read[4]_i_1__0_n_0                | Complete_design_car_i/axi_interconnect_0/s00_couplers/auto_pc/inst/gen_axilite.gen_b2s_conv.axilite_b2s/areset_d1                                                  |                1 |              5 |         5.00 |
|  Complete_design_car_i/processing_system7_0/inst/FCLK_CLK0                                        | Complete_design_car_i/axi_interconnect_0/s00_couplers/auto_pc/inst/gen_axilite.gen_b2s_conv.axilite_b2s/RD.r_channel_0/transaction_fifo_0/cnt_read[4]_i_1_n_0               | Complete_design_car_i/axi_interconnect_0/s00_couplers/auto_pc/inst/gen_axilite.gen_b2s_conv.axilite_b2s/areset_d1                                                  |                2 |              5 |         2.50 |
|  Complete_design_car_i/processing_system7_0/inst/FCLK_CLK0                                        | Complete_design_car_i/rst_ps7_0_50M/U0/SEQ/seq_cnt_en                                                                                                                       | Complete_design_car_i/rst_ps7_0_50M/U0/SEQ/SEQ_COUNTER/clear                                                                                                       |                1 |              6 |         6.00 |
|  Complete_design_car_i/processing_system7_0/inst/FCLK_CLK0                                        | Complete_design_car_i/axi_interconnect_0/s00_couplers/auto_pc/inst/gen_axilite.gen_b2s_conv.axilite_b2s/WR.b_channel_0/mhandshake_r                                         | Complete_design_car_i/axi_interconnect_0/s00_couplers/auto_pc/inst/gen_axilite.gen_b2s_conv.axilite_b2s/WR.b_channel_0/bid_fifo_0/SR[0]                            |                3 |              8 |         2.67 |
|  Complete_design_car_i/processing_system7_0/inst/FCLK_CLK0                                        | Complete_design_car_i/PWM_generator_1/U0/PWM_Over_i/Controller_0/U0/regld                                                                                                   | Complete_design_car_i/PWM_generator_1/U0/PWM_Over_i/Reg_0/U0/regout[7]_i_1_n_0                                                                                     |                2 |              8 |         4.00 |
|  Complete_design_car_i/processing_system7_0/inst/FCLK_CLK0                                        | Complete_design_car_i/PWM_generator_0/U0/PWM_Over_i/Controller_0/U0/regld                                                                                                   | Complete_design_car_i/PWM_generator_0/U0/PWM_Over_i/Reg_0/U0/regout[7]_i_1_n_0                                                                                     |                2 |              8 |         4.00 |
|  Complete_design_car_i/processing_system7_0/inst/FCLK_CLK0                                        |                                                                                                                                                                             | Complete_design_car_i/PWM_generator_1/U0/PWM_Over_i/Upcounter_0/U0/tempcounter[7]_i_2_n_0                                                                          |                3 |              8 |         2.67 |
|  Complete_design_car_i/processing_system7_0/inst/FCLK_CLK0                                        |                                                                                                                                                                             | Complete_design_car_i/PWM_generator_0/U0/PWM_Over_i/Upcounter_0/U0/tempcounter[7]_i_2_n_0                                                                          |                2 |              8 |         4.00 |
|  Complete_design_car_i/PWM_generator_0/U0/PWM_Over_i/DataChecker_0/U0/lastsenddata_reg[7]_i_2_n_0 |                                                                                                                                                                             |                                                                                                                                                                    |                2 |              8 |         4.00 |
|  Complete_design_car_i/PWM_generator_1/U0/PWM_Over_i/DataChecker_0/U0/lastsenddata_reg[7]_i_2_n_0 |                                                                                                                                                                             |                                                                                                                                                                    |                4 |              8 |         2.00 |
|  Complete_design_car_i/processing_system7_0/inst/FCLK_CLK0                                        |                                                                                                                                                                             | Complete_design_car_i/axi_interconnect_0/s00_couplers/auto_pc/inst/gen_axilite.gen_b2s_conv.axilite_b2s/areset_d1                                                  |                4 |             10 |         2.50 |
|  Complete_design_car_i/processing_system7_0/inst/FCLK_CLK0                                        | Complete_design_car_i/axi_interconnect_0/s00_couplers/auto_pc/inst/gen_axilite.gen_b2s_conv.axilite_b2s/WR.aw_channel_0/cmd_translator_0/incr_cmd_0/axaddr_incr[11]_i_1_n_0 |                                                                                                                                                                    |                2 |             12 |         6.00 |
|  Complete_design_car_i/processing_system7_0/inst/FCLK_CLK0                                        | Complete_design_car_i/axi_interconnect_0/s00_couplers/auto_pc/inst/gen_axilite.gen_b2s_conv.axilite_b2s/RD.ar_channel_0/ar_cmd_fsm_0/E[0]                                   |                                                                                                                                                                    |                6 |             12 |         2.00 |
|  Complete_design_car_i/processing_system7_0/inst/FCLK_CLK0                                        | Complete_design_car_i/axi_interconnect_0/s00_couplers/auto_pc/inst/gen_axilite.gen_b2s_conv.axilite_b2s/RD.ar_channel_0/ar_cmd_fsm_0/sel_first_reg[0]                       |                                                                                                                                                                    |                3 |             12 |         4.00 |
|  Complete_design_car_i/processing_system7_0/inst/FCLK_CLK0                                        | Complete_design_car_i/axi_interconnect_0/s00_couplers/auto_pc/inst/gen_axilite.gen_b2s_conv.axilite_b2s/WR.aw_channel_0/aw_cmd_fsm_0/m_valid_i_reg[0]                       |                                                                                                                                                                    |                4 |             12 |         3.00 |
|  Complete_design_car_i/processing_system7_0/inst/FCLK_CLK0                                        |                                                                                                                                                                             | Complete_design_car_i/axi_interconnect_0/xbar/inst/gen_sasd.crossbar_sasd_0/addr_arbiter_inst/SR[0]                                                                |                5 |             12 |         2.40 |
|  Complete_design_car_i/processing_system7_0/inst/FCLK_CLK0                                        | Complete_design_car_i/axi_interconnect_0/s00_couplers/auto_pc/inst/gen_axilite.gen_b2s_conv.axilite_b2s/RD.r_channel_0/r_push_r                                             |                                                                                                                                                                    |                4 |             13 |         3.25 |
|  Complete_design_car_i/processing_system7_0/inst/FCLK_CLK0                                        | Complete_design_car_i/axi_interconnect_0/s00_couplers/auto_pc/inst/gen_axilite.gen_b2s_conv.axilite_b2s/SI_REG/b.b_pipe/s_ready_i_reg_0                                     |                                                                                                                                                                    |                3 |             14 |         4.67 |
|  Complete_design_car_i/processing_system7_0/inst/FCLK_CLK0                                        | Complete_design_car_i/axi_interconnect_0/s00_couplers/auto_pc/inst/gen_axilite.gen_b2s_conv.axilite_b2s/SI_REG/b.b_pipe/p_1_in                                              |                                                                                                                                                                    |                2 |             14 |         7.00 |
|  Complete_design_car_i/processing_system7_0/inst/FCLK_CLK0                                        | Complete_design_car_i/axi_interconnect_0/xbar/inst/gen_sasd.crossbar_sasd_0/reg_slice_r/aa_rready                                                                           |                                                                                                                                                                    |                4 |             15 |         3.75 |
|  Complete_design_car_i/processing_system7_0/inst/FCLK_CLK0                                        | Complete_design_car_i/axi_interconnect_0/s00_couplers/auto_pc/inst/gen_axilite.gen_b2s_conv.axilite_b2s/WR.aw_channel_0/aw_cmd_fsm_0/m_axi_awready_0                        |                                                                                                                                                                    |                3 |             16 |         5.33 |
|  Complete_design_car_i/processing_system7_0/inst/FCLK_CLK0                                        | Complete_design_car_i/axi_interconnect_0/xbar/inst/gen_sasd.crossbar_sasd_0/addr_arbiter_inst/p_0_in1_in                                                                    | Complete_design_car_i/axi_interconnect_0/xbar/inst/gen_sasd.crossbar_sasd_0/addr_arbiter_inst/SR[0]                                                                |                6 |             19 |         3.17 |
|  Complete_design_car_i/processing_system7_0/inst/FCLK_CLK0                                        | Complete_design_car_i/axi_interconnect_0/s00_couplers/auto_pc/inst/gen_axilite.gen_b2s_conv.axilite_b2s/RD.ar_channel_0/ar_cmd_fsm_0/m_axi_arready_2                        |                                                                                                                                                                    |                9 |             21 |         2.33 |
|  Complete_design_car_i/processing_system7_0/inst/FCLK_CLK0                                        | Complete_design_car_i/axi_interconnect_0/s00_couplers/auto_pc/inst/gen_axilite.gen_b2s_conv.axilite_b2s/WR.aw_channel_0/aw_cmd_fsm_0/FSM_sequential_state_reg[0]_1          |                                                                                                                                                                    |               11 |             24 |         2.18 |
|  Complete_design_car_i/processing_system7_0/inst/FCLK_CLK0                                        | Complete_design_car_i/axi_gpio_motor_0/U0/AXI_LITE_IPIF_I/I_SLAVE_ATTACHMENT/I_DECODER/bus2ip_rnw_i_reg[0]                                                                  | Complete_design_car_i/axi_gpio_motor_0/U0/AXI_LITE_IPIF_I/I_SLAVE_ATTACHMENT/SR[0]                                                                                 |                7 |             32 |         4.57 |
|  Complete_design_car_i/processing_system7_0/inst/FCLK_CLK0                                        | Complete_design_car_i/axi_gpio_motor_1/U0/AXI_LITE_IPIF_I/I_SLAVE_ATTACHMENT/I_DECODER/E[0]                                                                                 | Complete_design_car_i/axi_gpio_motor_1/U0/AXI_LITE_IPIF_I/I_SLAVE_ATTACHMENT/SR[0]                                                                                 |                6 |             32 |         5.33 |
|  Complete_design_car_i/processing_system7_0/inst/FCLK_CLK0                                        | Complete_design_car_i/axi_gpio_motor_1/U0/AXI_LITE_IPIF_I/I_SLAVE_ATTACHMENT/I_DECODER/bus2ip_rnw_i_reg[0]                                                                  | Complete_design_car_i/axi_gpio_motor_1/U0/AXI_LITE_IPIF_I/I_SLAVE_ATTACHMENT/SR[0]                                                                                 |                7 |             32 |         4.57 |
|  Complete_design_car_i/processing_system7_0/inst/FCLK_CLK0                                        | Complete_design_car_i/axi_gpio_motor_1/U0/AXI_LITE_IPIF_I/I_SLAVE_ATTACHMENT/s_axi_rresp_i                                                                                  | Complete_design_car_i/axi_gpio_motor_1/U0/AXI_LITE_IPIF_I/I_SLAVE_ATTACHMENT/SR[0]                                                                                 |                7 |             32 |         4.57 |
|  Complete_design_car_i/processing_system7_0/inst/FCLK_CLK0                                        | Complete_design_car_i/axi_gpio_motor_0/U0/AXI_LITE_IPIF_I/I_SLAVE_ATTACHMENT/I_DECODER/E[0]                                                                                 | Complete_design_car_i/axi_gpio_motor_0/U0/AXI_LITE_IPIF_I/I_SLAVE_ATTACHMENT/SR[0]                                                                                 |                6 |             32 |         5.33 |
|  Complete_design_car_i/processing_system7_0/inst/FCLK_CLK0                                        | Complete_design_car_i/axi_gpio_motor_0/U0/AXI_LITE_IPIF_I/I_SLAVE_ATTACHMENT/s_axi_rresp_i                                                                                  | Complete_design_car_i/axi_gpio_motor_0/U0/AXI_LITE_IPIF_I/I_SLAVE_ATTACHMENT/SR[0]                                                                                 |                6 |             32 |         5.33 |
|  Complete_design_car_i/processing_system7_0/inst/FCLK_CLK0                                        | Complete_design_car_i/axi_interconnect_0/s00_couplers/auto_pc/inst/gen_axilite.gen_b2s_conv.axilite_b2s/RD.r_channel_0/rd_data_fifo_0/wr_en0                                |                                                                                                                                                                    |                9 |             34 |         3.78 |
|  Complete_design_car_i/processing_system7_0/inst/FCLK_CLK0                                        | Complete_design_car_i/axi_interconnect_0/xbar/inst/gen_sasd.crossbar_sasd_0/addr_arbiter_inst/E[0]                                                                          |                                                                                                                                                                    |                5 |             35 |         7.00 |
|  Complete_design_car_i/processing_system7_0/inst/FCLK_CLK0                                        |                                                                                                                                                                             | Complete_design_car_i/axi_gpio_motor_0/U0/AXI_LITE_IPIF_I/I_SLAVE_ATTACHMENT/SR[0]                                                                                 |               16 |             47 |         2.94 |
|  Complete_design_car_i/processing_system7_0/inst/FCLK_CLK0                                        | Complete_design_car_i/axi_interconnect_0/s00_couplers/auto_pc/inst/gen_axilite.gen_b2s_conv.axilite_b2s/SI_REG/r.r_pipe/p_1_in                                              |                                                                                                                                                                    |                8 |             47 |         5.88 |
|  Complete_design_car_i/processing_system7_0/inst/FCLK_CLK0                                        | Complete_design_car_i/axi_interconnect_0/s00_couplers/auto_pc/inst/gen_axilite.gen_b2s_conv.axilite_b2s/SI_REG/r.r_pipe/s_ready_i_reg_0                                     |                                                                                                                                                                    |                7 |             47 |         6.71 |
|  Complete_design_car_i/processing_system7_0/inst/FCLK_CLK0                                        |                                                                                                                                                                             | Complete_design_car_i/axi_gpio_motor_1/U0/AXI_LITE_IPIF_I/I_SLAVE_ATTACHMENT/SR[0]                                                                                 |               16 |             47 |         2.94 |
|  Complete_design_car_i/processing_system7_0/inst/FCLK_CLK0                                        | Complete_design_car_i/axi_interconnect_0/s00_couplers/auto_pc/inst/gen_axilite.gen_b2s_conv.axilite_b2s/WR.aw_channel_0/aw_cmd_fsm_0/E[0]                                   |                                                                                                                                                                    |                8 |             48 |         6.00 |
|  Complete_design_car_i/processing_system7_0/inst/FCLK_CLK0                                        | Complete_design_car_i/axi_interconnect_0/s00_couplers/auto_pc/inst/gen_axilite.gen_b2s_conv.axilite_b2s/SI_REG/ar.ar_pipe/s_ready_i_reg_0                                   |                                                                                                                                                                    |                9 |             48 |         5.33 |
|  Complete_design_car_i/processing_system7_0/inst/FCLK_CLK0                                        | Complete_design_car_i/axi_interconnect_0/s00_couplers/auto_pc/inst/gen_axilite.gen_b2s_conv.axilite_b2s/SI_REG/aw.aw_pipe/s_ready_i_reg_0                                   |                                                                                                                                                                    |                8 |             48 |         6.00 |
|  Complete_design_car_i/processing_system7_0/inst/FCLK_CLK0                                        | Complete_design_car_i/axi_interconnect_0/s00_couplers/auto_pc/inst/gen_axilite.gen_b2s_conv.axilite_b2s/RD.ar_channel_0/ar_cmd_fsm_0/m_valid_i_reg[0]                       |                                                                                                                                                                    |               11 |             48 |         4.36 |
|  Complete_design_car_i/processing_system7_0/inst/FCLK_CLK0                                        |                                                                                                                                                                             | Complete_design_car_i/axi_gpio_motor_0/U0/AXI_LITE_IPIF_I/I_SLAVE_ATTACHMENT/I_DECODER/bus2ip_rnw_i_reg_0                                                          |               19 |             64 |         3.37 |
|  Complete_design_car_i/processing_system7_0/inst/FCLK_CLK0                                        |                                                                                                                                                                             | Complete_design_car_i/axi_gpio_motor_1/U0/AXI_LITE_IPIF_I/I_SLAVE_ATTACHMENT/I_DECODER/bus2ip_rnw_i_reg_0                                                          |               16 |             64 |         4.00 |
|  Complete_design_car_i/processing_system7_0/inst/FCLK_CLK0                                        |                                                                                                                                                                             |                                                                                                                                                                    |              124 |            469 |         3.78 |
+---------------------------------------------------------------------------------------------------+-----------------------------------------------------------------------------------------------------------------------------------------------------------------------------+--------------------------------------------------------------------------------------------------------------------------------------------------------------------+------------------+----------------+--------------+


