
*** Running vivado
    with args -log Pwm_generator_zynq_wrapper.vdi -applog -m64 -product Vivado -messageDb vivado.pb -mode batch -source Pwm_generator_zynq_wrapper.tcl -notrace



****** Vivado v2023.1 (64-bit)
  **** SW Build 3865809 on Sun May  7 15:05:29 MDT 2023
  **** IP Build 3864474 on Sun May  7 20:36:21 MDT 2023
  **** SharedData Build 3865790 on Sun May 07 13:33:03 MDT 2023
    ** Copyright 1986-2022 Xilinx, Inc. All Rights Reserved.
    ** Copyright 2022-2023 Advanced Micro Devices, Inc. All Rights Reserved.

source Pwm_generator_zynq_wrapper.tcl -notrace
create_project: Time (s): cpu = 00:00:04 ; elapsed = 00:00:06 . Memory (MB): peak = 1461.457 ; gain = 161.215
INFO: [IP_Flow 19-234] Refreshing IP repositories
INFO: [IP_Flow 19-1704] No user IP repositories specified
INFO: [IP_Flow 19-2313] Loaded Vivado IP repository 'C:/Xilinx/Vivado/2023.1/data/ip'.
Command: link_design -top Pwm_generator_zynq_wrapper -part xc7z020clg400-1
Design is defaulting to srcset: sources_1
Design is defaulting to constrset: constrs_1
INFO: [Device 21-403] Loading part xc7z020clg400-1
INFO: [Project 1-454] Reading design checkpoint 'c:/Users/daanv/Desktop/Git/PWM_controller_motor/PWM_Control/PWM_Control.gen/sources_1/bd/Pwm_generator_zynq/ip/Pwm_generator_zynq_PWM_Over_wrapper_0_0/Pwm_generator_zynq_PWM_Over_wrapper_0_0.dcp' for cell 'Pwm_generator_zynq_i/PWM_Over_wrapper_0'
INFO: [Project 1-454] Reading design checkpoint 'c:/Users/daanv/Desktop/Git/PWM_controller_motor/PWM_Control/PWM_Control.gen/sources_1/bd/Pwm_generator_zynq/ip/Pwm_generator_zynq_PWM_Over_wrapper_1_0/Pwm_generator_zynq_PWM_Over_wrapper_1_0.dcp' for cell 'Pwm_generator_zynq_i/PWM_Over_wrapper_1'
INFO: [Project 1-454] Reading design checkpoint 'c:/Users/daanv/Desktop/Git/PWM_controller_motor/PWM_Control/PWM_Control.gen/sources_1/bd/Pwm_generator_zynq/ip/Pwm_generator_zynq_axi_gpio_0_2/Pwm_generator_zynq_axi_gpio_0_2.dcp' for cell 'Pwm_generator_zynq_i/axi_gpio_motor_0'
INFO: [Project 1-454] Reading design checkpoint 'c:/Users/daanv/Desktop/Git/PWM_controller_motor/PWM_Control/PWM_Control.gen/sources_1/bd/Pwm_generator_zynq/ip/Pwm_generator_zynq_axi_gpio_0_3/Pwm_generator_zynq_axi_gpio_0_3.dcp' for cell 'Pwm_generator_zynq_i/axi_gpio_motor_1'
INFO: [Project 1-454] Reading design checkpoint 'c:/Users/daanv/Desktop/Git/PWM_controller_motor/PWM_Control/PWM_Control.gen/sources_1/bd/Pwm_generator_zynq/ip/Pwm_generator_zynq_processing_system7_0_2/Pwm_generator_zynq_processing_system7_0_2.dcp' for cell 'Pwm_generator_zynq_i/processing_system7_0'
INFO: [Project 1-454] Reading design checkpoint 'c:/Users/daanv/Desktop/Git/PWM_controller_motor/PWM_Control/PWM_Control.gen/sources_1/bd/Pwm_generator_zynq/ip/Pwm_generator_zynq_rst_ps7_0_50M_0/Pwm_generator_zynq_rst_ps7_0_50M_0.dcp' for cell 'Pwm_generator_zynq_i/rst_ps7_0_50M'
INFO: [Project 1-454] Reading design checkpoint 'c:/Users/daanv/Desktop/Git/PWM_controller_motor/PWM_Control/PWM_Control.gen/sources_1/bd/Pwm_generator_zynq/ip/Pwm_generator_zynq_xbar_1/Pwm_generator_zynq_xbar_1.dcp' for cell 'Pwm_generator_zynq_i/axi_interconnect_0/xbar'
INFO: [Project 1-454] Reading design checkpoint 'c:/Users/daanv/Desktop/Git/PWM_controller_motor/PWM_Control/PWM_Control.gen/sources_1/bd/Pwm_generator_zynq/ip/Pwm_generator_zynq_auto_pc_1/Pwm_generator_zynq_auto_pc_1.dcp' for cell 'Pwm_generator_zynq_i/axi_interconnect_0/s00_couplers/auto_pc'
INFO: [Project 1-454] Reading design checkpoint 'c:/Users/daanv/Desktop/Git/PWM_controller_motor/PWM_Control/PWM_control.gen/sources_1/bd/PWM_Over/ip/PWM_Over_Comparator_0_3/PWM_Over_Comparator_0_3.dcp' for cell 'Pwm_generator_zynq_i/PWM_Over_wrapper_0/U0/PWM_Over_i/Comparator_0'
INFO: [Project 1-454] Reading design checkpoint 'c:/Users/daanv/Desktop/Git/PWM_controller_motor/PWM_Control/PWM_control.gen/sources_1/bd/PWM_Over/ip/PWM_Over_Controller_0_1/PWM_Over_Controller_0_1.dcp' for cell 'Pwm_generator_zynq_i/PWM_Over_wrapper_0/U0/PWM_Over_i/Controller_0'
INFO: [Project 1-454] Reading design checkpoint 'c:/Users/daanv/Desktop/Git/PWM_controller_motor/PWM_Control/PWM_control.gen/sources_1/bd/PWM_Over/ip/PWM_Over_DataChecker_0_1/PWM_Over_DataChecker_0_1.dcp' for cell 'Pwm_generator_zynq_i/PWM_Over_wrapper_0/U0/PWM_Over_i/DataChecker_0'
INFO: [Project 1-454] Reading design checkpoint 'c:/Users/daanv/Desktop/Git/PWM_controller_motor/PWM_Control/PWM_control.gen/sources_1/bd/PWM_Over/ip/PWM_Over_Reg_0_2/PWM_Over_Reg_0_2.dcp' for cell 'Pwm_generator_zynq_i/PWM_Over_wrapper_0/U0/PWM_Over_i/Reg_0'
INFO: [Project 1-454] Reading design checkpoint 'c:/Users/daanv/Desktop/Git/PWM_controller_motor/PWM_Control/PWM_control.gen/sources_1/bd/PWM_Over/ip/PWM_Over_Upcounter_0_1/PWM_Over_Upcounter_0_1.dcp' for cell 'Pwm_generator_zynq_i/PWM_Over_wrapper_0/U0/PWM_Over_i/Upcounter_0'
INFO: [Project 1-454] Reading design checkpoint 'c:/Users/daanv/Desktop/Git/PWM_controller_motor/PWM_Control/PWM_control.gen/sources_1/bd/PWM_Over/ip/PWM_Over_Comparator_0_3/PWM_Over_Comparator_0_3.dcp' for cell 'Pwm_generator_zynq_i/PWM_Over_wrapper_1/U0/PWM_Over_i/Comparator_0'
INFO: [Project 1-454] Reading design checkpoint 'c:/Users/daanv/Desktop/Git/PWM_controller_motor/PWM_Control/PWM_control.gen/sources_1/bd/PWM_Over/ip/PWM_Over_Controller_0_1/PWM_Over_Controller_0_1.dcp' for cell 'Pwm_generator_zynq_i/PWM_Over_wrapper_1/U0/PWM_Over_i/Controller_0'
INFO: [Project 1-454] Reading design checkpoint 'c:/Users/daanv/Desktop/Git/PWM_controller_motor/PWM_Control/PWM_control.gen/sources_1/bd/PWM_Over/ip/PWM_Over_DataChecker_0_1/PWM_Over_DataChecker_0_1.dcp' for cell 'Pwm_generator_zynq_i/PWM_Over_wrapper_1/U0/PWM_Over_i/DataChecker_0'
INFO: [Project 1-454] Reading design checkpoint 'c:/Users/daanv/Desktop/Git/PWM_controller_motor/PWM_Control/PWM_control.gen/sources_1/bd/PWM_Over/ip/PWM_Over_Reg_0_2/PWM_Over_Reg_0_2.dcp' for cell 'Pwm_generator_zynq_i/PWM_Over_wrapper_1/U0/PWM_Over_i/Reg_0'
INFO: [Project 1-454] Reading design checkpoint 'c:/Users/daanv/Desktop/Git/PWM_controller_motor/PWM_Control/PWM_control.gen/sources_1/bd/PWM_Over/ip/PWM_Over_Upcounter_0_1/PWM_Over_Upcounter_0_1.dcp' for cell 'Pwm_generator_zynq_i/PWM_Over_wrapper_1/U0/PWM_Over_i/Upcounter_0'
Netlist sorting complete. Time (s): cpu = 00:00:00 ; elapsed = 00:00:00.153 . Memory (MB): peak = 1964.434 ; gain = 0.000
INFO: [Netlist 29-17] Analyzing 20 Unisim elements for replacement
INFO: [Netlist 29-28] Unisim Transformation completed in 0 CPU seconds
INFO: [Project 1-479] Netlist was created with Vivado 2023.1
INFO: [Project 1-570] Preparing netlist for logic optimization
Parsing XDC File [c:/Users/daanv/Desktop/Git/PWM_controller_motor/PWM_Control/PWM_Control.gen/sources_1/bd/Pwm_generator_zynq/ip/Pwm_generator_zynq_processing_system7_0_2/Pwm_generator_zynq_processing_system7_0_2.xdc] for cell 'Pwm_generator_zynq_i/processing_system7_0/inst'
Finished Parsing XDC File [c:/Users/daanv/Desktop/Git/PWM_controller_motor/PWM_Control/PWM_Control.gen/sources_1/bd/Pwm_generator_zynq/ip/Pwm_generator_zynq_processing_system7_0_2/Pwm_generator_zynq_processing_system7_0_2.xdc] for cell 'Pwm_generator_zynq_i/processing_system7_0/inst'
Parsing XDC File [c:/Users/daanv/Desktop/Git/PWM_controller_motor/PWM_Control/PWM_Control.gen/sources_1/bd/Pwm_generator_zynq/ip/Pwm_generator_zynq_axi_gpio_0_2/Pwm_generator_zynq_axi_gpio_0_2_board.xdc] for cell 'Pwm_generator_zynq_i/axi_gpio_motor_0/U0'
Finished Parsing XDC File [c:/Users/daanv/Desktop/Git/PWM_controller_motor/PWM_Control/PWM_Control.gen/sources_1/bd/Pwm_generator_zynq/ip/Pwm_generator_zynq_axi_gpio_0_2/Pwm_generator_zynq_axi_gpio_0_2_board.xdc] for cell 'Pwm_generator_zynq_i/axi_gpio_motor_0/U0'
Parsing XDC File [c:/Users/daanv/Desktop/Git/PWM_controller_motor/PWM_Control/PWM_Control.gen/sources_1/bd/Pwm_generator_zynq/ip/Pwm_generator_zynq_axi_gpio_0_2/Pwm_generator_zynq_axi_gpio_0_2.xdc] for cell 'Pwm_generator_zynq_i/axi_gpio_motor_0/U0'
Finished Parsing XDC File [c:/Users/daanv/Desktop/Git/PWM_controller_motor/PWM_Control/PWM_Control.gen/sources_1/bd/Pwm_generator_zynq/ip/Pwm_generator_zynq_axi_gpio_0_2/Pwm_generator_zynq_axi_gpio_0_2.xdc] for cell 'Pwm_generator_zynq_i/axi_gpio_motor_0/U0'
Parsing XDC File [c:/Users/daanv/Desktop/Git/PWM_controller_motor/PWM_Control/PWM_Control.gen/sources_1/bd/Pwm_generator_zynq/ip/Pwm_generator_zynq_axi_gpio_0_3/Pwm_generator_zynq_axi_gpio_0_3_board.xdc] for cell 'Pwm_generator_zynq_i/axi_gpio_motor_1/U0'
Finished Parsing XDC File [c:/Users/daanv/Desktop/Git/PWM_controller_motor/PWM_Control/PWM_Control.gen/sources_1/bd/Pwm_generator_zynq/ip/Pwm_generator_zynq_axi_gpio_0_3/Pwm_generator_zynq_axi_gpio_0_3_board.xdc] for cell 'Pwm_generator_zynq_i/axi_gpio_motor_1/U0'
Parsing XDC File [c:/Users/daanv/Desktop/Git/PWM_controller_motor/PWM_Control/PWM_Control.gen/sources_1/bd/Pwm_generator_zynq/ip/Pwm_generator_zynq_axi_gpio_0_3/Pwm_generator_zynq_axi_gpio_0_3.xdc] for cell 'Pwm_generator_zynq_i/axi_gpio_motor_1/U0'
Finished Parsing XDC File [c:/Users/daanv/Desktop/Git/PWM_controller_motor/PWM_Control/PWM_Control.gen/sources_1/bd/Pwm_generator_zynq/ip/Pwm_generator_zynq_axi_gpio_0_3/Pwm_generator_zynq_axi_gpio_0_3.xdc] for cell 'Pwm_generator_zynq_i/axi_gpio_motor_1/U0'
Parsing XDC File [c:/Users/daanv/Desktop/Git/PWM_controller_motor/PWM_Control/PWM_Control.gen/sources_1/bd/Pwm_generator_zynq/ip/Pwm_generator_zynq_rst_ps7_0_50M_0/Pwm_generator_zynq_rst_ps7_0_50M_0_board.xdc] for cell 'Pwm_generator_zynq_i/rst_ps7_0_50M/U0'
Finished Parsing XDC File [c:/Users/daanv/Desktop/Git/PWM_controller_motor/PWM_Control/PWM_Control.gen/sources_1/bd/Pwm_generator_zynq/ip/Pwm_generator_zynq_rst_ps7_0_50M_0/Pwm_generator_zynq_rst_ps7_0_50M_0_board.xdc] for cell 'Pwm_generator_zynq_i/rst_ps7_0_50M/U0'
Parsing XDC File [c:/Users/daanv/Desktop/Git/PWM_controller_motor/PWM_Control/PWM_Control.gen/sources_1/bd/Pwm_generator_zynq/ip/Pwm_generator_zynq_rst_ps7_0_50M_0/Pwm_generator_zynq_rst_ps7_0_50M_0.xdc] for cell 'Pwm_generator_zynq_i/rst_ps7_0_50M/U0'
Finished Parsing XDC File [c:/Users/daanv/Desktop/Git/PWM_controller_motor/PWM_Control/PWM_Control.gen/sources_1/bd/Pwm_generator_zynq/ip/Pwm_generator_zynq_rst_ps7_0_50M_0/Pwm_generator_zynq_rst_ps7_0_50M_0.xdc] for cell 'Pwm_generator_zynq_i/rst_ps7_0_50M/U0'
Parsing XDC File [C:/Users/daanv/Desktop/Git/PWM_controller_motor/PWM_Control/PWM_Control.srcs/constrs_1/new/pwm_control_constr.xdc]
Finished Parsing XDC File [C:/Users/daanv/Desktop/Git/PWM_controller_motor/PWM_Control/PWM_Control.srcs/constrs_1/new/pwm_control_constr.xdc]
INFO: [Opt 31-138] Pushed 0 inverter(s) to 0 load pin(s).
Netlist sorting complete. Time (s): cpu = 00:00:00 ; elapsed = 00:00:00.002 . Memory (MB): peak = 2125.312 ; gain = 0.000
INFO: [Project 1-111] Unisim Transformation Summary:
No Unisim elements were transformed.

28 Infos, 0 Warnings, 0 Critical Warnings and 0 Errors encountered.
link_design completed successfully
link_design: Time (s): cpu = 00:00:08 ; elapsed = 00:00:18 . Memory (MB): peak = 2125.312 ; gain = 608.316
Command: opt_design
Attempting to get a license for feature 'Implementation' and/or device 'xc7z020'
INFO: [Common 17-349] Got license for feature 'Implementation' and/or device 'xc7z020'
Running DRC as a precondition to command opt_design

Starting DRC Task
INFO: [DRC 23-27] Running DRC with 2 threads
INFO: [Project 1-461] DRC finished with 0 Errors
INFO: [Project 1-462] Please refer to the DRC report (report_drc) for more information.

Time (s): cpu = 00:00:02 ; elapsed = 00:00:01 . Memory (MB): peak = 2152.402 ; gain = 27.090

Starting Cache Timing Information Task
INFO: [Timing 38-35] Done setting XDC timing constraints.
Ending Cache Timing Information Task | Checksum: 1da67754f

Time (s): cpu = 00:00:07 ; elapsed = 00:00:10 . Memory (MB): peak = 2693.426 ; gain = 541.023

Starting Logic Optimization Task

Phase 1 Retarget
INFO: [Opt 31-1566] Pulled 3 inverters resulting in an inversion of 25 pins
INFO: [Opt 31-138] Pushed 0 inverter(s) to 0 load pin(s).
INFO: [Opt 31-49] Retargeted 0 cell(s).
Phase 1 Retarget | Checksum: 12d31e4f2

Time (s): cpu = 00:00:00 ; elapsed = 00:00:00.167 . Memory (MB): peak = 3045.105 ; gain = 0.000
INFO: [Opt 31-389] Phase Retarget created 6 cells and removed 40 cells

Phase 2 Constant propagation
INFO: [Opt 31-138] Pushed 0 inverter(s) to 0 load pin(s).
Phase 2 Constant propagation | Checksum: 12d31e4f2

Time (s): cpu = 00:00:01 ; elapsed = 00:00:00.206 . Memory (MB): peak = 3045.105 ; gain = 0.000
INFO: [Opt 31-389] Phase Constant propagation created 0 cells and removed 0 cells

Phase 3 Sweep
Phase 3 Sweep | Checksum: 12e46cde4

Time (s): cpu = 00:00:01 ; elapsed = 00:00:00.346 . Memory (MB): peak = 3045.105 ; gain = 0.000
INFO: [Opt 31-389] Phase Sweep created 0 cells and removed 103 cells

Phase 4 BUFG optimization
Phase 4 BUFG optimization | Checksum: 12e46cde4

Time (s): cpu = 00:00:01 ; elapsed = 00:00:00.419 . Memory (MB): peak = 3045.105 ; gain = 0.000
INFO: [Opt 31-662] Phase BUFG optimization created 0 cells of which 0 are BUFGs and removed 0 cells.

Phase 5 Shift Register Optimization
INFO: [Opt 31-1064] SRL Remap converted 0 SRLs to 0 registers and converted 0 registers of register chains to 0 SRLs
Phase 5 Shift Register Optimization | Checksum: 216b9b429

Time (s): cpu = 00:00:01 ; elapsed = 00:00:00.574 . Memory (MB): peak = 3045.105 ; gain = 0.000
INFO: [Opt 31-389] Phase Shift Register Optimization created 0 cells and removed 0 cells

Phase 6 Post Processing Netlist
Phase 6 Post Processing Netlist | Checksum: 18091f7a2

Time (s): cpu = 00:00:01 ; elapsed = 00:00:00.590 . Memory (MB): peak = 3045.105 ; gain = 0.000
INFO: [Opt 31-389] Phase Post Processing Netlist created 0 cells and removed 0 cells
Opt_design Change Summary
=========================


-------------------------------------------------------------------------------------------------------------------------
|  Phase                        |  #Cells created  |  #Cells Removed  |  #Constrained objects preventing optimizations  |
-------------------------------------------------------------------------------------------------------------------------
|  Retarget                     |               6  |              40  |                                              0  |
|  Constant propagation         |               0  |               0  |                                              0  |
|  Sweep                        |               0  |             103  |                                              0  |
|  BUFG optimization            |               0  |               0  |                                              0  |
|  Shift Register Optimization  |               0  |               0  |                                              0  |
|  Post Processing Netlist      |               0  |               0  |                                              0  |
-------------------------------------------------------------------------------------------------------------------------



Starting Connectivity Check Task

Time (s): cpu = 00:00:00 ; elapsed = 00:00:00.004 . Memory (MB): peak = 3045.105 ; gain = 0.000
Ending Logic Optimization Task | Checksum: 23dbb1d25

Time (s): cpu = 00:00:01 ; elapsed = 00:00:00.603 . Memory (MB): peak = 3045.105 ; gain = 0.000

Starting Power Optimization Task
INFO: [Pwropt 34-132] Skipping clock gating for clocks with a period < 2.00 ns.
Ending Power Optimization Task | Checksum: 23dbb1d25

Time (s): cpu = 00:00:00 ; elapsed = 00:00:00.012 . Memory (MB): peak = 3045.105 ; gain = 0.000

Starting Final Cleanup Task
Ending Final Cleanup Task | Checksum: 23dbb1d25

Time (s): cpu = 00:00:00 ; elapsed = 00:00:00.001 . Memory (MB): peak = 3045.105 ; gain = 0.000

Starting Netlist Obfuscation Task
Netlist sorting complete. Time (s): cpu = 00:00:00 ; elapsed = 00:00:00.002 . Memory (MB): peak = 3045.105 ; gain = 0.000
Ending Netlist Obfuscation Task | Checksum: 23dbb1d25

Time (s): cpu = 00:00:00 ; elapsed = 00:00:00.003 . Memory (MB): peak = 3045.105 ; gain = 0.000
INFO: [Common 17-83] Releasing license: Implementation
46 Infos, 0 Warnings, 0 Critical Warnings and 0 Errors encountered.
opt_design completed successfully
opt_design: Time (s): cpu = 00:00:12 ; elapsed = 00:00:16 . Memory (MB): peak = 3045.105 ; gain = 919.793
INFO: [runtcl-4] Executing : report_drc -file Pwm_generator_zynq_wrapper_drc_opted.rpt -pb Pwm_generator_zynq_wrapper_drc_opted.pb -rpx Pwm_generator_zynq_wrapper_drc_opted.rpx
Command: report_drc -file Pwm_generator_zynq_wrapper_drc_opted.rpt -pb Pwm_generator_zynq_wrapper_drc_opted.pb -rpx Pwm_generator_zynq_wrapper_drc_opted.rpx
INFO: [IP_Flow 19-1839] IP Catalog is up to date.
INFO: [DRC 23-27] Running DRC with 2 threads
INFO: [Vivado_Tcl 2-168] The results of DRC are in file C:/Users/daanv/Desktop/Git/PWM_controller_motor/PWM_Control/PWM_Control.runs/impl_1/Pwm_generator_zynq_wrapper_drc_opted.rpt.
report_drc completed successfully
INFO: [Timing 38-480] Writing timing data to binary archive.
Writing XDEF routing.
Writing XDEF routing logical nets.
Writing XDEF routing special nets.
Write XDEF Complete: Time (s): cpu = 00:00:00 ; elapsed = 00:00:00.110 . Memory (MB): peak = 3045.105 ; gain = 0.000
INFO: [Common 17-1381] The checkpoint 'C:/Users/daanv/Desktop/Git/PWM_controller_motor/PWM_Control/PWM_Control.runs/impl_1/Pwm_generator_zynq_wrapper_opt.dcp' has been generated.
Command: place_design
Attempting to get a license for feature 'Implementation' and/or device 'xc7z020'
INFO: [Common 17-349] Got license for feature 'Implementation' and/or device 'xc7z020'
INFO: [DRC 23-27] Running DRC with 2 threads
INFO: [Vivado_Tcl 4-198] DRC finished with 0 Errors
INFO: [Vivado_Tcl 4-199] Please refer to the DRC report (report_drc) for more information.
Running DRC as a precondition to command place_design
INFO: [DRC 23-27] Running DRC with 2 threads
INFO: [Vivado_Tcl 4-198] DRC finished with 0 Errors
INFO: [Vivado_Tcl 4-199] Please refer to the DRC report (report_drc) for more information.

Starting Placer Task
INFO: [Place 30-611] Multithreading enabled for place_design using a maximum of 2 CPUs

Phase 1 Placer Initialization

Phase 1.1 Placer Initialization Netlist Sorting
Netlist sorting complete. Time (s): cpu = 00:00:00 ; elapsed = 00:00:00.002 . Memory (MB): peak = 3045.105 ; gain = 0.000
Phase 1.1 Placer Initialization Netlist Sorting | Checksum: 165f3cd3a

Time (s): cpu = 00:00:00 ; elapsed = 00:00:00.012 . Memory (MB): peak = 3045.105 ; gain = 0.000
Netlist sorting complete. Time (s): cpu = 00:00:00 ; elapsed = 00:00:00.002 . Memory (MB): peak = 3045.105 ; gain = 0.000

Phase 1.2 IO Placement/ Clock Placement/ Build Placer Device
INFO: [Timing 38-35] Done setting XDC timing constraints.
Phase 1.2 IO Placement/ Clock Placement/ Build Placer Device | Checksum: 594332bb

Time (s): cpu = 00:00:00 ; elapsed = 00:00:00.854 . Memory (MB): peak = 3045.105 ; gain = 0.000

Phase 1.3 Build Placer Netlist Model
Phase 1.3 Build Placer Netlist Model | Checksum: 159ffb445

Time (s): cpu = 00:00:00 ; elapsed = 00:00:02 . Memory (MB): peak = 3045.105 ; gain = 0.000

Phase 1.4 Constrain Clocks/Macros
Phase 1.4 Constrain Clocks/Macros | Checksum: 159ffb445

Time (s): cpu = 00:00:00 ; elapsed = 00:00:02 . Memory (MB): peak = 3045.105 ; gain = 0.000
Phase 1 Placer Initialization | Checksum: 159ffb445

Time (s): cpu = 00:00:00 ; elapsed = 00:00:02 . Memory (MB): peak = 3045.105 ; gain = 0.000

Phase 2 Global Placement

Phase 2.1 Floorplanning
Phase 2.1 Floorplanning | Checksum: 1451e0604

Time (s): cpu = 00:00:01 ; elapsed = 00:00:02 . Memory (MB): peak = 3045.105 ; gain = 0.000

Phase 2.2 Update Timing before SLR Path Opt
Phase 2.2 Update Timing before SLR Path Opt | Checksum: c86f07c7

Time (s): cpu = 00:00:01 ; elapsed = 00:00:02 . Memory (MB): peak = 3045.105 ; gain = 0.000

Phase 2.3 Post-Processing in Floorplanning
Phase 2.3 Post-Processing in Floorplanning | Checksum: c86f07c7

Time (s): cpu = 00:00:01 ; elapsed = 00:00:02 . Memory (MB): peak = 3045.105 ; gain = 0.000

Phase 2.4 Global Placement Core

Phase 2.4.1 UpdateTiming Before Physical Synthesis
Phase 2.4.1 UpdateTiming Before Physical Synthesis | Checksum: 1374e5742

Time (s): cpu = 00:00:02 ; elapsed = 00:00:05 . Memory (MB): peak = 3045.105 ; gain = 0.000

Phase 2.4.2 Physical Synthesis In Placer
INFO: [Physopt 32-1035] Found 0 LUTNM shape to break, 39 LUT instances to create LUTNM shape
INFO: [Physopt 32-1044] Break lutnm for timing: one critical 0, two critical 0, total 0, new lutff created 0
INFO: [Physopt 32-1138] End 1 Pass. Optimized 16 nets or LUTs. Breaked 0 LUT, combined 16 existing LUTs and moved 0 existing LUT
INFO: [Physopt 32-65] No nets found for high-fanout optimization.
INFO: [Physopt 32-232] Optimized 0 net. Created 0 new instance.
INFO: [Physopt 32-775] End 1 Pass. Optimized 0 net or cell. Created 0 new cell, deleted 0 existing cell and moved 0 existing cell
INFO: [Physopt 32-670] No setup violation found.  DSP Register Optimization was not performed.
INFO: [Physopt 32-670] No setup violation found.  Shift Register to Pipeline Optimization was not performed.
INFO: [Physopt 32-670] No setup violation found.  Shift Register Optimization was not performed.
INFO: [Physopt 32-670] No setup violation found.  BRAM Register Optimization was not performed.
INFO: [Physopt 32-670] No setup violation found.  URAM Register Optimization was not performed.
INFO: [Physopt 32-949] No candidate nets found for dynamic/static region interface net replication
INFO: [Physopt 32-775] End 1 Pass. Optimized 0 net or cell. Created 0 new cell, deleted 0 existing cell and moved 0 existing cell
Netlist sorting complete. Time (s): cpu = 00:00:00 ; elapsed = 00:00:00.002 . Memory (MB): peak = 3045.105 ; gain = 0.000

Summary of Physical Synthesis Optimizations
============================================


-----------------------------------------------------------------------------------------------------------------------------------------------------------
|  Optimization                                     |  Added Cells  |  Removed Cells  |  Optimized Cells/Nets  |  Dont Touch  |  Iterations  |  Elapsed   |
-----------------------------------------------------------------------------------------------------------------------------------------------------------
|  LUT Combining                                    |            0  |             16  |                    16  |           0  |           1  |  00:00:00  |
|  Retime                                           |            0  |              0  |                     0  |           0  |           1  |  00:00:00  |
|  Very High Fanout                                 |            0  |              0  |                     0  |           0  |           1  |  00:00:00  |
|  DSP Register                                     |            0  |              0  |                     0  |           0  |           0  |  00:00:00  |
|  Shift Register to Pipeline                       |            0  |              0  |                     0  |           0  |           0  |  00:00:00  |
|  Shift Register                                   |            0  |              0  |                     0  |           0  |           0  |  00:00:00  |
|  BRAM Register                                    |            0  |              0  |                     0  |           0  |           0  |  00:00:00  |
|  URAM Register                                    |            0  |              0  |                     0  |           0  |           0  |  00:00:00  |
|  Dynamic/Static Region Interface Net Replication  |            0  |              0  |                     0  |           0  |           1  |  00:00:00  |
|  Total                                            |            0  |             16  |                    16  |           0  |           4  |  00:00:00  |
-----------------------------------------------------------------------------------------------------------------------------------------------------------


Phase 2.4.2 Physical Synthesis In Placer | Checksum: 14744166a

Time (s): cpu = 00:00:03 ; elapsed = 00:00:05 . Memory (MB): peak = 3045.105 ; gain = 0.000
Phase 2.4 Global Placement Core | Checksum: 1d83b51d4

Time (s): cpu = 00:00:03 ; elapsed = 00:00:06 . Memory (MB): peak = 3045.105 ; gain = 0.000
Phase 2 Global Placement | Checksum: 1d83b51d4

Time (s): cpu = 00:00:03 ; elapsed = 00:00:06 . Memory (MB): peak = 3045.105 ; gain = 0.000

Phase 3 Detail Placement

Phase 3.1 Commit Multi Column Macros
Phase 3.1 Commit Multi Column Macros | Checksum: 162da183f

Time (s): cpu = 00:00:03 ; elapsed = 00:00:06 . Memory (MB): peak = 3045.105 ; gain = 0.000

Phase 3.2 Commit Most Macros & LUTRAMs
Phase 3.2 Commit Most Macros & LUTRAMs | Checksum: 21e39385d

Time (s): cpu = 00:00:03 ; elapsed = 00:00:06 . Memory (MB): peak = 3045.105 ; gain = 0.000

Phase 3.3 Area Swap Optimization
Phase 3.3 Area Swap Optimization | Checksum: 17ba5a10d

Time (s): cpu = 00:00:03 ; elapsed = 00:00:06 . Memory (MB): peak = 3045.105 ; gain = 0.000

Phase 3.4 Pipeline Register Optimization
Phase 3.4 Pipeline Register Optimization | Checksum: 22ce34c79

Time (s): cpu = 00:00:03 ; elapsed = 00:00:06 . Memory (MB): peak = 3045.105 ; gain = 0.000

Phase 3.5 Small Shape Detail Placement
Phase 3.5 Small Shape Detail Placement | Checksum: 19a1639fb

Time (s): cpu = 00:00:04 ; elapsed = 00:00:07 . Memory (MB): peak = 3045.105 ; gain = 0.000

Phase 3.6 Re-assign LUT pins
Phase 3.6 Re-assign LUT pins | Checksum: 162bbecf6

Time (s): cpu = 00:00:04 ; elapsed = 00:00:07 . Memory (MB): peak = 3045.105 ; gain = 0.000

Phase 3.7 Pipeline Register Optimization
Phase 3.7 Pipeline Register Optimization | Checksum: 1e7794872

Time (s): cpu = 00:00:04 ; elapsed = 00:00:07 . Memory (MB): peak = 3045.105 ; gain = 0.000
Phase 3 Detail Placement | Checksum: 1e7794872

Time (s): cpu = 00:00:04 ; elapsed = 00:00:07 . Memory (MB): peak = 3045.105 ; gain = 0.000

Phase 4 Post Placement Optimization and Clean-Up

Phase 4.1 Post Commit Optimization
INFO: [Timing 38-35] Done setting XDC timing constraints.

Phase 4.1.1 Post Placement Optimization
Post Placement Optimization Initialization | Checksum: 17c36b6d6

Phase 4.1.1.1 BUFG Insertion

Starting Physical Synthesis Task

Phase 1 Physical Synthesis Initialization
INFO: [Physopt 32-721] Multithreading enabled for phys_opt_design using a maximum of 2 CPUs
INFO: [Physopt 32-619] Estimated Timing Summary | WNS=2.489 | TNS=0.000 |
Phase 1 Physical Synthesis Initialization | Checksum: 22664cc3d

Time (s): cpu = 00:00:00 ; elapsed = 00:00:00.177 . Memory (MB): peak = 3045.105 ; gain = 0.000
INFO: [Place 46-56] BUFG insertion identified 0 candidate nets. Inserted BUFG: 0, Replicated BUFG Driver: 0, Skipped due to Placement/Routing Conflicts: 0, Skipped due to Timing Degradation: 0, Skipped due to netlist editing failed: 0.
Ending Physical Synthesis Task | Checksum: 22664cc3d

Time (s): cpu = 00:00:00 ; elapsed = 00:00:00.210 . Memory (MB): peak = 3045.105 ; gain = 0.000
Phase 4.1.1.1 BUFG Insertion | Checksum: 17c36b6d6

Time (s): cpu = 00:00:04 ; elapsed = 00:00:08 . Memory (MB): peak = 3045.105 ; gain = 0.000

Phase 4.1.1.2 Post Placement Timing Optimization
INFO: [Place 30-746] Post Placement Timing Summary WNS=2.489. For the most accurate timing information please run report_timing.
Phase 4.1.1.2 Post Placement Timing Optimization | Checksum: 18a435d28

Time (s): cpu = 00:00:04 ; elapsed = 00:00:08 . Memory (MB): peak = 3045.105 ; gain = 0.000

Time (s): cpu = 00:00:04 ; elapsed = 00:00:08 . Memory (MB): peak = 3045.105 ; gain = 0.000
Phase 4.1 Post Commit Optimization | Checksum: 18a435d28

Time (s): cpu = 00:00:04 ; elapsed = 00:00:08 . Memory (MB): peak = 3045.105 ; gain = 0.000

Phase 4.2 Post Placement Cleanup
Phase 4.2 Post Placement Cleanup | Checksum: 18a435d28

Time (s): cpu = 00:00:04 ; elapsed = 00:00:08 . Memory (MB): peak = 3045.105 ; gain = 0.000

Phase 4.3 Placer Reporting

Phase 4.3.1 Print Estimated Congestion
INFO: [Place 30-612] Post-Placement Estimated Congestion 
 ____________________________________________________
|           | Global Congestion | Short Congestion  |
| Direction | Region Size       | Region Size       |
|___________|___________________|___________________|
|      North|                1x1|                1x1|
|___________|___________________|___________________|
|      South|                1x1|                1x1|
|___________|___________________|___________________|
|       East|                1x1|                1x1|
|___________|___________________|___________________|
|       West|                1x1|                1x1|
|___________|___________________|___________________|

Phase 4.3.1 Print Estimated Congestion | Checksum: 18a435d28

Time (s): cpu = 00:00:04 ; elapsed = 00:00:08 . Memory (MB): peak = 3045.105 ; gain = 0.000
Phase 4.3 Placer Reporting | Checksum: 18a435d28

Time (s): cpu = 00:00:04 ; elapsed = 00:00:08 . Memory (MB): peak = 3045.105 ; gain = 0.000

Phase 4.4 Final Placement Cleanup
Netlist sorting complete. Time (s): cpu = 00:00:00 ; elapsed = 00:00:00.002 . Memory (MB): peak = 3045.105 ; gain = 0.000

Time (s): cpu = 00:00:04 ; elapsed = 00:00:08 . Memory (MB): peak = 3045.105 ; gain = 0.000
Phase 4 Post Placement Optimization and Clean-Up | Checksum: 102e01933

Time (s): cpu = 00:00:04 ; elapsed = 00:00:08 . Memory (MB): peak = 3045.105 ; gain = 0.000
Ending Placer Task | Checksum: c73a385d

Time (s): cpu = 00:00:04 ; elapsed = 00:00:08 . Memory (MB): peak = 3045.105 ; gain = 0.000
INFO: [Common 17-83] Releasing license: Implementation
81 Infos, 0 Warnings, 0 Critical Warnings and 0 Errors encountered.
place_design completed successfully
place_design: Time (s): cpu = 00:00:06 ; elapsed = 00:00:10 . Memory (MB): peak = 3045.105 ; gain = 0.000
INFO: [runtcl-4] Executing : report_io -file Pwm_generator_zynq_wrapper_io_placed.rpt
report_io: Time (s): cpu = 00:00:00 ; elapsed = 00:00:00.063 . Memory (MB): peak = 3045.105 ; gain = 0.000
INFO: [runtcl-4] Executing : report_utilization -file Pwm_generator_zynq_wrapper_utilization_placed.rpt -pb Pwm_generator_zynq_wrapper_utilization_placed.pb
INFO: [runtcl-4] Executing : report_control_sets -verbose -file Pwm_generator_zynq_wrapper_control_sets_placed.rpt
report_control_sets: Time (s): cpu = 00:00:01 ; elapsed = 00:00:00.009 . Memory (MB): peak = 3045.105 ; gain = 0.000
INFO: [Timing 38-480] Writing timing data to binary archive.
Writing XDEF routing.
Writing XDEF routing logical nets.
Writing XDEF routing special nets.
Write XDEF Complete: Time (s): cpu = 00:00:00 ; elapsed = 00:00:00.386 . Memory (MB): peak = 3045.105 ; gain = 0.000
INFO: [Common 17-1381] The checkpoint 'C:/Users/daanv/Desktop/Git/PWM_controller_motor/PWM_Control/PWM_Control.runs/impl_1/Pwm_generator_zynq_wrapper_placed.dcp' has been generated.
Command: phys_opt_design
Attempting to get a license for feature 'Implementation' and/or device 'xc7z020'
INFO: [Common 17-349] Got license for feature 'Implementation' and/or device 'xc7z020'

Starting Initial Update Timing Task

Time (s): cpu = 00:00:00 ; elapsed = 00:00:00.498 . Memory (MB): peak = 3055.086 ; gain = 9.980
INFO: [Vivado_Tcl 4-383] Design worst setup slack (WNS) is greater than or equal to 0.000 ns. Skipping all physical synthesis optimizations.
INFO: [Vivado_Tcl 4-232] No setup violation found. The netlist was not modified.
INFO: [Common 17-83] Releasing license: Implementation
90 Infos, 0 Warnings, 0 Critical Warnings and 0 Errors encountered.
phys_opt_design completed successfully
INFO: [Timing 38-480] Writing timing data to binary archive.
Writing XDEF routing.
Writing XDEF routing logical nets.
Writing XDEF routing special nets.
Write XDEF Complete: Time (s): cpu = 00:00:01 ; elapsed = 00:00:00.450 . Memory (MB): peak = 3072.973 ; gain = 14.891
INFO: [Common 17-1381] The checkpoint 'C:/Users/daanv/Desktop/Git/PWM_controller_motor/PWM_Control/PWM_Control.runs/impl_1/Pwm_generator_zynq_wrapper_physopt.dcp' has been generated.
Command: route_design
Attempting to get a license for feature 'Implementation' and/or device 'xc7z020'
INFO: [Common 17-349] Got license for feature 'Implementation' and/or device 'xc7z020'
Running DRC as a precondition to command route_design
INFO: [DRC 23-27] Running DRC with 2 threads
INFO: [Vivado_Tcl 4-198] DRC finished with 0 Errors
INFO: [Vivado_Tcl 4-199] Please refer to the DRC report (report_drc) for more information.


Starting Routing Task
INFO: [Route 35-254] Multithreading enabled for route_design using a maximum of 2 CPUs

Phase 1 Build RT Design
Checksum: PlaceDB: 748effa1 ConstDB: 0 ShapeSum: 52ab38bc RouteDB: 0
Post Restoration Checksum: NetGraph: a87c9618 | NumContArr: 54903482 | Constraints: 190a55ad | Timing: 0
Phase 1 Build RT Design | Checksum: 116172047

Time (s): cpu = 00:00:23 ; elapsed = 00:00:29 . Memory (MB): peak = 3176.574 ; gain = 94.492

Phase 2 Router Initialization

Phase 2.1 Fix Topology Constraints
Phase 2.1 Fix Topology Constraints | Checksum: 116172047

Time (s): cpu = 00:00:23 ; elapsed = 00:00:29 . Memory (MB): peak = 3176.574 ; gain = 94.492

Phase 2.2 Pre Route Cleanup
Phase 2.2 Pre Route Cleanup | Checksum: 116172047

Time (s): cpu = 00:00:23 ; elapsed = 00:00:29 . Memory (MB): peak = 3176.574 ; gain = 94.492
 Number of Nodes with overlaps = 0

Phase 2.3 Update Timing
Phase 2.3 Update Timing | Checksum: 17b5fc0b8

Time (s): cpu = 00:00:23 ; elapsed = 00:00:30 . Memory (MB): peak = 3193.059 ; gain = 110.977
INFO: [Route 35-416] Intermediate Timing Summary | WNS=2.661  | TNS=0.000  | WHS=-0.185 | THS=-42.111|


Router Utilization Summary
  Global Vertical Routing Utilization    = 0.00134617 %
  Global Horizontal Routing Utilization  = 0.00118323 %
  Routable Net Status*
  *Does not include unroutable nets such as driverless and loadless.
  Run report_route_status for detailed report.
  Number of Failed Nets               = 2186
    (Failed Nets is the sum of unrouted and partially routed nets)
  Number of Unrouted Nets             = 2175
  Number of Partially Routed Nets     = 11
  Number of Node Overlaps             = 27

Phase 2 Router Initialization | Checksum: 1cc226548

Time (s): cpu = 00:00:24 ; elapsed = 00:00:30 . Memory (MB): peak = 3193.059 ; gain = 110.977

Phase 3 Initial Routing

Phase 3.1 Global Routing
Phase 3.1 Global Routing | Checksum: 1cc226548

Time (s): cpu = 00:00:24 ; elapsed = 00:00:30 . Memory (MB): peak = 3193.059 ; gain = 110.977
Phase 3 Initial Routing | Checksum: 20376bfdb

Time (s): cpu = 00:00:24 ; elapsed = 00:00:30 . Memory (MB): peak = 3193.059 ; gain = 110.977

Phase 4 Rip-up And Reroute

Phase 4.1 Global Iteration 0
 Number of Nodes with overlaps = 112
 Number of Nodes with overlaps = 7
 Number of Nodes with overlaps = 2
 Number of Nodes with overlaps = 0
INFO: [Route 35-416] Intermediate Timing Summary | WNS=2.919  | TNS=0.000  | WHS=N/A    | THS=N/A    |

Phase 4.1 Global Iteration 0 | Checksum: 20d73f642

Time (s): cpu = 00:00:24 ; elapsed = 00:00:31 . Memory (MB): peak = 3193.059 ; gain = 110.977
Phase 4 Rip-up And Reroute | Checksum: 20d73f642

Time (s): cpu = 00:00:24 ; elapsed = 00:00:31 . Memory (MB): peak = 3193.059 ; gain = 110.977

Phase 5 Delay and Skew Optimization

Phase 5.1 Delay CleanUp

Phase 5.1.1 Update Timing
Phase 5.1.1 Update Timing | Checksum: 236117850

Time (s): cpu = 00:00:24 ; elapsed = 00:00:31 . Memory (MB): peak = 3193.059 ; gain = 110.977
INFO: [Route 35-416] Intermediate Timing Summary | WNS=2.933  | TNS=0.000  | WHS=N/A    | THS=N/A    |

Phase 5.1 Delay CleanUp | Checksum: 236117850

Time (s): cpu = 00:00:24 ; elapsed = 00:00:31 . Memory (MB): peak = 3193.059 ; gain = 110.977

Phase 5.2 Clock Skew Optimization
Phase 5.2 Clock Skew Optimization | Checksum: 236117850

Time (s): cpu = 00:00:24 ; elapsed = 00:00:31 . Memory (MB): peak = 3193.059 ; gain = 110.977
Phase 5 Delay and Skew Optimization | Checksum: 236117850

Time (s): cpu = 00:00:24 ; elapsed = 00:00:31 . Memory (MB): peak = 3193.059 ; gain = 110.977

Phase 6 Post Hold Fix

Phase 6.1 Hold Fix Iter

Phase 6.1.1 Update Timing
Phase 6.1.1 Update Timing | Checksum: 2387eadb0

Time (s): cpu = 00:00:24 ; elapsed = 00:00:31 . Memory (MB): peak = 3193.059 ; gain = 110.977
INFO: [Route 35-416] Intermediate Timing Summary | WNS=2.933  | TNS=0.000  | WHS=0.044  | THS=0.000  |

Phase 6.1 Hold Fix Iter | Checksum: 1df621dae

Time (s): cpu = 00:00:24 ; elapsed = 00:00:31 . Memory (MB): peak = 3193.059 ; gain = 110.977
Phase 6 Post Hold Fix | Checksum: 1df621dae

Time (s): cpu = 00:00:24 ; elapsed = 00:00:31 . Memory (MB): peak = 3193.059 ; gain = 110.977

Phase 7 Route finalize

Router Utilization Summary
  Global Vertical Routing Utilization    = 0.298488 %
  Global Horizontal Routing Utilization  = 0.323952 %
  Routable Net Status*
  *Does not include unroutable nets such as driverless and loadless.
  Run report_route_status for detailed report.
  Number of Failed Nets               = 0
    (Failed Nets is the sum of unrouted and partially routed nets)
  Number of Unrouted Nets             = 0
  Number of Partially Routed Nets     = 0
  Number of Node Overlaps             = 0

Phase 7 Route finalize | Checksum: 1c5be80f2

Time (s): cpu = 00:00:24 ; elapsed = 00:00:31 . Memory (MB): peak = 3193.059 ; gain = 110.977

Phase 8 Verifying routed nets

 Verification completed successfully
Phase 8 Verifying routed nets | Checksum: 1c5be80f2

Time (s): cpu = 00:00:24 ; elapsed = 00:00:31 . Memory (MB): peak = 3193.059 ; gain = 110.977

Phase 9 Depositing Routes
Phase 9 Depositing Routes | Checksum: 162031250

Time (s): cpu = 00:00:24 ; elapsed = 00:00:31 . Memory (MB): peak = 3193.059 ; gain = 110.977

Phase 10 Post Router Timing
INFO: [Route 35-57] Estimated Timing Summary | WNS=2.933  | TNS=0.000  | WHS=0.044  | THS=0.000  |

INFO: [Route 35-327] The final timing numbers are based on the router estimated timing analysis. For a complete and accurate timing signoff, please run report_timing_summary.
Phase 10 Post Router Timing | Checksum: 162031250

Time (s): cpu = 00:00:24 ; elapsed = 00:00:31 . Memory (MB): peak = 3193.059 ; gain = 110.977
INFO: [Route 35-16] Router Completed Successfully

Phase 11 Post-Route Event Processing
Phase 11 Post-Route Event Processing | Checksum: 84a59260

Time (s): cpu = 00:00:24 ; elapsed = 00:00:31 . Memory (MB): peak = 3193.059 ; gain = 110.977

Time (s): cpu = 00:00:24 ; elapsed = 00:00:31 . Memory (MB): peak = 3193.059 ; gain = 110.977

Routing Is Done.
INFO: [Common 17-83] Releasing license: Implementation
105 Infos, 0 Warnings, 0 Critical Warnings and 0 Errors encountered.
route_design completed successfully
route_design: Time (s): cpu = 00:00:25 ; elapsed = 00:00:33 . Memory (MB): peak = 3193.059 ; gain = 120.086
INFO: [runtcl-4] Executing : report_drc -file Pwm_generator_zynq_wrapper_drc_routed.rpt -pb Pwm_generator_zynq_wrapper_drc_routed.pb -rpx Pwm_generator_zynq_wrapper_drc_routed.rpx
Command: report_drc -file Pwm_generator_zynq_wrapper_drc_routed.rpt -pb Pwm_generator_zynq_wrapper_drc_routed.pb -rpx Pwm_generator_zynq_wrapper_drc_routed.rpx
INFO: [IP_Flow 19-1839] IP Catalog is up to date.
INFO: [DRC 23-27] Running DRC with 2 threads
INFO: [Vivado_Tcl 2-168] The results of DRC are in file C:/Users/daanv/Desktop/Git/PWM_controller_motor/PWM_Control/PWM_Control.runs/impl_1/Pwm_generator_zynq_wrapper_drc_routed.rpt.
report_drc completed successfully
INFO: [runtcl-4] Executing : report_methodology -file Pwm_generator_zynq_wrapper_methodology_drc_routed.rpt -pb Pwm_generator_zynq_wrapper_methodology_drc_routed.pb -rpx Pwm_generator_zynq_wrapper_methodology_drc_routed.rpx
Command: report_methodology -file Pwm_generator_zynq_wrapper_methodology_drc_routed.rpt -pb Pwm_generator_zynq_wrapper_methodology_drc_routed.pb -rpx Pwm_generator_zynq_wrapper_methodology_drc_routed.rpx
INFO: [Timing 38-35] Done setting XDC timing constraints.
INFO: [DRC 23-133] Running Methodology with 2 threads
INFO: [Vivado_Tcl 2-1520] The results of Report Methodology are in file C:/Users/daanv/Desktop/Git/PWM_controller_motor/PWM_Control/PWM_Control.runs/impl_1/Pwm_generator_zynq_wrapper_methodology_drc_routed.rpt.
report_methodology completed successfully
INFO: [runtcl-4] Executing : report_power -file Pwm_generator_zynq_wrapper_power_routed.rpt -pb Pwm_generator_zynq_wrapper_power_summary_routed.pb -rpx Pwm_generator_zynq_wrapper_power_routed.rpx
Command: report_power -file Pwm_generator_zynq_wrapper_power_routed.rpt -pb Pwm_generator_zynq_wrapper_power_summary_routed.pb -rpx Pwm_generator_zynq_wrapper_power_routed.rpx
INFO: [Timing 38-35] Done setting XDC timing constraints.
Running Vector-less Activity Propagation...

Finished Running Vector-less Activity Propagation
115 Infos, 0 Warnings, 0 Critical Warnings and 0 Errors encountered.
report_power completed successfully
INFO: [runtcl-4] Executing : report_route_status -file Pwm_generator_zynq_wrapper_route_status.rpt -pb Pwm_generator_zynq_wrapper_route_status.pb
INFO: [runtcl-4] Executing : report_timing_summary -max_paths 10 -report_unconstrained -file Pwm_generator_zynq_wrapper_timing_summary_routed.rpt -pb Pwm_generator_zynq_wrapper_timing_summary_routed.pb -rpx Pwm_generator_zynq_wrapper_timing_summary_routed.rpx -warn_on_violation 
INFO: [Timing 38-91] UpdateTimingParams: Speed grade: -1, Delay Type: min_max.
INFO: [Timing 38-191] Multithreading enabled for timing update using a maximum of 2 CPUs
INFO: [runtcl-4] Executing : report_incremental_reuse -file Pwm_generator_zynq_wrapper_incremental_reuse_routed.rpt
INFO: [Vivado_Tcl 4-1062] Incremental flow is disabled. No incremental reuse Info to report.
INFO: [runtcl-4] Executing : report_clock_utilization -file Pwm_generator_zynq_wrapper_clock_utilization_routed.rpt
INFO: [runtcl-4] Executing : report_bus_skew -warn_on_violation -file Pwm_generator_zynq_wrapper_bus_skew_routed.rpt -pb Pwm_generator_zynq_wrapper_bus_skew_routed.pb -rpx Pwm_generator_zynq_wrapper_bus_skew_routed.rpx
INFO: [Timing 38-91] UpdateTimingParams: Speed grade: -1, Delay Type: min_max.
INFO: [Timing 38-191] Multithreading enabled for timing update using a maximum of 2 CPUs
INFO: [Timing 38-480] Writing timing data to binary archive.
Writing XDEF routing.
Writing XDEF routing logical nets.
Writing XDEF routing special nets.
Write XDEF Complete: Time (s): cpu = 00:00:01 ; elapsed = 00:00:00.343 . Memory (MB): peak = 3236.004 ; gain = 0.000
INFO: [Common 17-1381] The checkpoint 'C:/Users/daanv/Desktop/Git/PWM_controller_motor/PWM_Control/PWM_Control.runs/impl_1/Pwm_generator_zynq_wrapper_routed.dcp' has been generated.
INFO: [Common 17-206] Exiting Vivado at Sat Jun 10 15:13:49 2023...

*** Running vivado
    with args -log Pwm_generator_zynq_wrapper.vdi -applog -m64 -product Vivado -messageDb vivado.pb -mode batch -source Pwm_generator_zynq_wrapper.tcl -notrace



****** Vivado v2023.1 (64-bit)
  **** SW Build 3865809 on Sun May  7 15:05:29 MDT 2023
  **** IP Build 3864474 on Sun May  7 20:36:21 MDT 2023
  **** SharedData Build 3865790 on Sun May 07 13:33:03 MDT 2023
    ** Copyright 1986-2022 Xilinx, Inc. All Rights Reserved.
    ** Copyright 2022-2023 Advanced Micro Devices, Inc. All Rights Reserved.

source Pwm_generator_zynq_wrapper.tcl -notrace
Command: open_checkpoint Pwm_generator_zynq_wrapper_routed.dcp
INFO: [Device 21-403] Loading part xc7z020clg400-1
Netlist sorting complete. Time (s): cpu = 00:00:00 ; elapsed = 00:00:00.070 . Memory (MB): peak = 1897.668 ; gain = 0.000
INFO: [Netlist 29-17] Analyzing 20 Unisim elements for replacement
INFO: [Netlist 29-28] Unisim Transformation completed in 0 CPU seconds
INFO: [Project 1-479] Netlist was created with Vivado 2023.1
INFO: [Project 1-570] Preparing netlist for logic optimization
INFO: [Timing 38-478] Restoring timing data from binary archive.
INFO: [Timing 38-479] Binary timing data restore complete.
INFO: [Project 1-856] Restoring constraints from binary archive.
INFO: [Project 1-853] Binary constraint restore complete.
Reading XDEF placement.
Reading placer database...
Reading XDEF routing.
Read XDEF Files: Time (s): cpu = 00:00:00 ; elapsed = 00:00:00.386 . Memory (MB): peak = 2609.270 ; gain = 6.930
Restored from archive | CPU: 0.000000 secs | Memory: 0.000000 MB |
Finished XDEF File Restore: Time (s): cpu = 00:00:00 ; elapsed = 00:00:00.387 . Memory (MB): peak = 2609.270 ; gain = 6.930
Netlist sorting complete. Time (s): cpu = 00:00:00 ; elapsed = 00:00:00.001 . Memory (MB): peak = 2609.270 ; gain = 0.000
INFO: [Project 1-111] Unisim Transformation Summary:
No Unisim elements were transformed.

INFO: [Project 1-604] Checkpoint was created with Vivado v2023.1 (64-bit) build 3865809
open_checkpoint: Time (s): cpu = 00:00:16 ; elapsed = 00:00:19 . Memory (MB): peak = 2609.270 ; gain = 1308.352
Command: write_bitstream -force Pwm_generator_zynq_wrapper.bit
Attempting to get a license for feature 'Implementation' and/or device 'xc7z020'
INFO: [Common 17-349] Got license for feature 'Implementation' and/or device 'xc7z020'
Running DRC as a precondition to command write_bitstream
INFO: [IP_Flow 19-234] Refreshing IP repositories
INFO: [IP_Flow 19-1704] No user IP repositories specified
INFO: [IP_Flow 19-2313] Loaded Vivado IP repository 'C:/Xilinx/Vivado/2023.1/data/ip'.
INFO: [DRC 23-27] Running DRC with 2 threads
WARNING: [DRC PDRC-153] Gated clock check: Net Pwm_generator_zynq_i/PWM_Over_wrapper_0/U0/PWM_Over_i/DataChecker_0/U0/lastsenddata_reg[7]_i_2_n_0 is a gated clock net sourced by a combinational pin Pwm_generator_zynq_i/PWM_Over_wrapper_0/U0/PWM_Over_i/DataChecker_0/U0/lastsenddata_reg[7]_i_2/O, cell Pwm_generator_zynq_i/PWM_Over_wrapper_0/U0/PWM_Over_i/DataChecker_0/U0/lastsenddata_reg[7]_i_2. This is not good design practice and will likely impact performance. For SLICE registers, for example, use the CE pin to control the loading of data.
WARNING: [DRC PDRC-153] Gated clock check: Net Pwm_generator_zynq_i/PWM_Over_wrapper_0/U0/PWM_Over_i/DataChecker_0/U0/senddata_reg_i_1_n_0 is a gated clock net sourced by a combinational pin Pwm_generator_zynq_i/PWM_Over_wrapper_0/U0/PWM_Over_i/DataChecker_0/U0/senddata_reg_i_1/O, cell Pwm_generator_zynq_i/PWM_Over_wrapper_0/U0/PWM_Over_i/DataChecker_0/U0/senddata_reg_i_1. This is not good design practice and will likely impact performance. For SLICE registers, for example, use the CE pin to control the loading of data.
WARNING: [DRC PDRC-153] Gated clock check: Net Pwm_generator_zynq_i/PWM_Over_wrapper_1/U0/PWM_Over_i/DataChecker_0/U0/lastsenddata_reg[7]_i_2_n_0 is a gated clock net sourced by a combinational pin Pwm_generator_zynq_i/PWM_Over_wrapper_1/U0/PWM_Over_i/DataChecker_0/U0/lastsenddata_reg[7]_i_2/O, cell Pwm_generator_zynq_i/PWM_Over_wrapper_1/U0/PWM_Over_i/DataChecker_0/U0/lastsenddata_reg[7]_i_2. This is not good design practice and will likely impact performance. For SLICE registers, for example, use the CE pin to control the loading of data.
WARNING: [DRC PDRC-153] Gated clock check: Net Pwm_generator_zynq_i/PWM_Over_wrapper_1/U0/PWM_Over_i/DataChecker_0/U0/senddata_reg_i_1_n_0 is a gated clock net sourced by a combinational pin Pwm_generator_zynq_i/PWM_Over_wrapper_1/U0/PWM_Over_i/DataChecker_0/U0/senddata_reg_i_1/O, cell Pwm_generator_zynq_i/PWM_Over_wrapper_1/U0/PWM_Over_i/DataChecker_0/U0/senddata_reg_i_1. This is not good design practice and will likely impact performance. For SLICE registers, for example, use the CE pin to control the loading of data.
INFO: [Vivado 12-3199] DRC finished with 0 Errors, 4 Warnings
INFO: [Vivado 12-3200] Please refer to the DRC report (report_drc) for more information.
INFO: [Designutils 20-2272] Running write_bitstream with 2 threads.
Loading data files...
Loading site data...
Loading route data...
Processing options...
Creating bitmap...
Creating bitstream...
Writing bitstream ./Pwm_generator_zynq_wrapper.bit...
INFO: [Vivado 12-1842] Bitgen Completed Successfully.
INFO: [Project 1-1876] WebTalk data collection is mandatory when using a ULT device. To see the specific WebTalk data collected for your design, open the usage_statistics_webtalk.html or usage_statistics_webtalk.xml file in the implementation directory.
INFO: [Common 17-83] Releasing license: Implementation
22 Infos, 4 Warnings, 0 Critical Warnings and 0 Errors encountered.
write_bitstream completed successfully
write_bitstream: Time (s): cpu = 00:00:10 ; elapsed = 00:00:12 . Memory (MB): peak = 3234.992 ; gain = 625.723
INFO: [Common 17-206] Exiting Vivado at Sat Jun 10 15:15:30 2023...
