
*** Running vivado
    with args -log PWM_Over_Upcounter_0_0.vds -m64 -product Vivado -mode batch -messageDb vivado.pb -notrace -source PWM_Over_Upcounter_0_0.tcl



****** Vivado v2022.2 (64-bit)
  **** SW Build 3671981 on Fri Oct 14 05:00:03 MDT 2022
  **** IP Build 3669848 on Fri Oct 14 08:30:02 MDT 2022
    ** Copyright 1986-2022 Xilinx, Inc. All Rights Reserved.

source PWM_Over_Upcounter_0_0.tcl -notrace
create_project: Time (s): cpu = 00:00:03 ; elapsed = 00:00:06 . Memory (MB): peak = 1002.020 ; gain = 118.180
INFO: [IP_Flow 19-234] Refreshing IP repositories
INFO: [IP_Flow 19-1704] No user IP repositories specified
INFO: [IP_Flow 19-2313] Loaded Vivado IP repository 'C:/Xilinx/Vivado/2022.2/data/ip'.
INFO: [IP_Flow 19-6924] IPCACHE: Running cache check for IP inst: PWM_Over_Upcounter_0_0
Command: synth_design -top PWM_Over_Upcounter_0_0 -part xc7z020clg400-1 -incremental_mode off -mode out_of_context
Starting synth_design
Attempting to get a license for feature 'Synthesis' and/or device 'xc7z020'
INFO: [Common 17-349] Got license for feature 'Synthesis' and/or device 'xc7z020'
INFO: [Designutils 20-5008] Incremental synthesis strategy off
INFO: [Synth 8-7079] Multithreading enabled for synth_design using a maximum of 2 processes.
INFO: [Synth 8-7078] Launching helper process for spawning children vivado processes
INFO: [Synth 8-7075] Helper process launched with PID 13252
INFO: [Synth 8-11241] undeclared symbol 'REGCCE', assumed default net type 'wire' [C:/Xilinx/Vivado/2022.2/data/verilog/src/unimacro/BRAM_SINGLE_MACRO.v:2170]
---------------------------------------------------------------------------------
Starting Synthesize : Time (s): cpu = 00:00:04 ; elapsed = 00:00:06 . Memory (MB): peak = 1455.641 ; gain = 409.777
---------------------------------------------------------------------------------
INFO: [Synth 8-638] synthesizing module 'PWM_Over_Upcounter_0_0' [c:/Users/daanv/Desktop/Git/PWM_controller_motor/PWM_control/PWM_control.gen/sources_1/bd/PWM_Over/ip/PWM_Over_Upcounter_0_0_1/synth/PWM_Over_Upcounter_0_0.vhd:65]
INFO: [Synth 8-3491] module 'Upcounter' declared at 'C:/Users/daanv/Desktop/Nieuwe map/Upcounter.vhd:34' bound to instance 'U0' of component 'Upcounter' [c:/Users/daanv/Desktop/Git/PWM_controller_motor/PWM_control/PWM_control.gen/sources_1/bd/PWM_Over/ip/PWM_Over_Upcounter_0_0_1/synth/PWM_Over_Upcounter_0_0.vhd:91]
INFO: [Synth 8-638] synthesizing module 'Upcounter' [C:/Users/daanv/Desktop/Nieuwe map/Upcounter.vhd:41]
WARNING: [Synth 8-614] signal 'ld' is read in the process but is not in the sensitivity list [C:/Users/daanv/Desktop/Nieuwe map/Upcounter.vhd:45]
INFO: [Synth 8-256] done synthesizing module 'Upcounter' (0#1) [C:/Users/daanv/Desktop/Nieuwe map/Upcounter.vhd:41]
INFO: [Synth 8-256] done synthesizing module 'PWM_Over_Upcounter_0_0' (0#1) [c:/Users/daanv/Desktop/Git/PWM_controller_motor/PWM_control/PWM_control.gen/sources_1/bd/PWM_Over/ip/PWM_Over_Upcounter_0_0_1/synth/PWM_Over_Upcounter_0_0.vhd:65]
---------------------------------------------------------------------------------
Finished Synthesize : Time (s): cpu = 00:00:05 ; elapsed = 00:00:08 . Memory (MB): peak = 1545.793 ; gain = 499.930
---------------------------------------------------------------------------------
---------------------------------------------------------------------------------
Finished Constraint Validation : Time (s): cpu = 00:00:05 ; elapsed = 00:00:09 . Memory (MB): peak = 1545.793 ; gain = 499.930
---------------------------------------------------------------------------------
---------------------------------------------------------------------------------
Start Loading Part and Timing Information
---------------------------------------------------------------------------------
Loading part: xc7z020clg400-1
---------------------------------------------------------------------------------
Finished Loading Part and Timing Information : Time (s): cpu = 00:00:05 ; elapsed = 00:00:09 . Memory (MB): peak = 1545.793 ; gain = 499.930
---------------------------------------------------------------------------------
INFO: [Device 21-403] Loading part xc7z020clg400-1
---------------------------------------------------------------------------------
Finished RTL Optimization Phase 2 : Time (s): cpu = 00:00:05 ; elapsed = 00:00:09 . Memory (MB): peak = 1545.793 ; gain = 499.930
---------------------------------------------------------------------------------
No constraint files found.
---------------------------------------------------------------------------------
Start RTL Component Statistics 
---------------------------------------------------------------------------------
Detailed RTL Component Info : 
+---Adders : 
	   2 Input    8 Bit       Adders := 1     
+---Registers : 
	                8 Bit    Registers := 1     
+---Muxes : 
	   2 Input    8 Bit        Muxes := 1     
---------------------------------------------------------------------------------
Finished RTL Component Statistics 
---------------------------------------------------------------------------------
---------------------------------------------------------------------------------
Start Part Resource Summary
---------------------------------------------------------------------------------
Part Resources:
DSPs: 220 (col length:60)
BRAMs: 280 (col length: RAMB18 60 RAMB36 30)
---------------------------------------------------------------------------------
Finished Part Resource Summary
---------------------------------------------------------------------------------
No constraint files found.
---------------------------------------------------------------------------------
Start Cross Boundary and Area Optimization
---------------------------------------------------------------------------------
WARNING: [Synth 8-7080] Parallel synthesis criteria is not met
---------------------------------------------------------------------------------
Finished Cross Boundary and Area Optimization : Time (s): cpu = 00:00:08 ; elapsed = 00:00:15 . Memory (MB): peak = 1763.289 ; gain = 717.426
---------------------------------------------------------------------------------
No constraint files found.
---------------------------------------------------------------------------------
Start Timing Optimization
---------------------------------------------------------------------------------
---------------------------------------------------------------------------------
Finished Timing Optimization : Time (s): cpu = 00:00:08 ; elapsed = 00:00:15 . Memory (MB): peak = 1763.289 ; gain = 717.426
---------------------------------------------------------------------------------
---------------------------------------------------------------------------------
Start Technology Mapping
---------------------------------------------------------------------------------
---------------------------------------------------------------------------------
Finished Technology Mapping : Time (s): cpu = 00:00:08 ; elapsed = 00:00:15 . Memory (MB): peak = 1763.289 ; gain = 717.426
---------------------------------------------------------------------------------
---------------------------------------------------------------------------------
Start IO Insertion
---------------------------------------------------------------------------------
---------------------------------------------------------------------------------
Start Flattening Before IO Insertion
---------------------------------------------------------------------------------
---------------------------------------------------------------------------------
Finished Flattening Before IO Insertion
---------------------------------------------------------------------------------
---------------------------------------------------------------------------------
Start Final Netlist Cleanup
---------------------------------------------------------------------------------
---------------------------------------------------------------------------------
Finished Final Netlist Cleanup
---------------------------------------------------------------------------------
---------------------------------------------------------------------------------
Finished IO Insertion : Time (s): cpu = 00:00:11 ; elapsed = 00:00:20 . Memory (MB): peak = 1763.289 ; gain = 717.426
---------------------------------------------------------------------------------
---------------------------------------------------------------------------------
Start Renaming Generated Instances
---------------------------------------------------------------------------------
---------------------------------------------------------------------------------
Finished Renaming Generated Instances : Time (s): cpu = 00:00:11 ; elapsed = 00:00:20 . Memory (MB): peak = 1763.289 ; gain = 717.426
---------------------------------------------------------------------------------
---------------------------------------------------------------------------------
Start Rebuilding User Hierarchy
---------------------------------------------------------------------------------
---------------------------------------------------------------------------------
Finished Rebuilding User Hierarchy : Time (s): cpu = 00:00:11 ; elapsed = 00:00:20 . Memory (MB): peak = 1763.289 ; gain = 717.426
---------------------------------------------------------------------------------
---------------------------------------------------------------------------------
Start Renaming Generated Ports
---------------------------------------------------------------------------------
---------------------------------------------------------------------------------
Finished Renaming Generated Ports : Time (s): cpu = 00:00:11 ; elapsed = 00:00:20 . Memory (MB): peak = 1763.289 ; gain = 717.426
---------------------------------------------------------------------------------
---------------------------------------------------------------------------------
Start Handling Custom Attributes
---------------------------------------------------------------------------------
---------------------------------------------------------------------------------
Finished Handling Custom Attributes : Time (s): cpu = 00:00:11 ; elapsed = 00:00:20 . Memory (MB): peak = 1763.289 ; gain = 717.426
---------------------------------------------------------------------------------
---------------------------------------------------------------------------------
Start Renaming Generated Nets
---------------------------------------------------------------------------------
---------------------------------------------------------------------------------
Finished Renaming Generated Nets : Time (s): cpu = 00:00:11 ; elapsed = 00:00:20 . Memory (MB): peak = 1763.289 ; gain = 717.426
---------------------------------------------------------------------------------
---------------------------------------------------------------------------------
Start Writing Synthesis Report
---------------------------------------------------------------------------------

Report BlackBoxes: 
+-+--------------+----------+
| |BlackBox name |Instances |
+-+--------------+----------+
+-+--------------+----------+

Report Cell Usage: 
+------+-----+------+
|      |Cell |Count |
+------+-----+------+
|1     |LUT1 |     1|
|2     |LUT2 |     3|
|3     |LUT3 |     1|
|4     |LUT4 |     2|
|5     |LUT5 |     1|
|6     |LUT6 |     4|
|7     |FDPE |     8|
+------+-----+------+

Report Instance Areas: 
+------+---------+----------+------+
|      |Instance |Module    |Cells |
+------+---------+----------+------+
|1     |top      |          |    20|
|2     |  U0     |Upcounter |    20|
+------+---------+----------+------+
---------------------------------------------------------------------------------
Finished Writing Synthesis Report : Time (s): cpu = 00:00:11 ; elapsed = 00:00:20 . Memory (MB): peak = 1763.289 ; gain = 717.426
---------------------------------------------------------------------------------
Synthesis finished with 0 errors, 0 critical warnings and 2 warnings.
Synthesis Optimization Runtime : Time (s): cpu = 00:00:11 ; elapsed = 00:00:20 . Memory (MB): peak = 1763.289 ; gain = 717.426
Synthesis Optimization Complete : Time (s): cpu = 00:00:11 ; elapsed = 00:00:20 . Memory (MB): peak = 1763.289 ; gain = 717.426
INFO: [Project 1-571] Translating synthesized netlist
Netlist sorting complete. Time (s): cpu = 00:00:00 ; elapsed = 00:00:00 . Memory (MB): peak = 1771.137 ; gain = 0.000
INFO: [Project 1-570] Preparing netlist for logic optimization
INFO: [Opt 31-138] Pushed 0 inverter(s) to 0 load pin(s).
Netlist sorting complete. Time (s): cpu = 00:00:00 ; elapsed = 00:00:00 . Memory (MB): peak = 1876.812 ; gain = 0.000
INFO: [Project 1-111] Unisim Transformation Summary:
No Unisim elements were transformed.

Synth Design complete, checksum: 7dd3fe9c
INFO: [Common 17-83] Releasing license: Synthesis
21 Infos, 2 Warnings, 0 Critical Warnings and 0 Errors encountered.
synth_design completed successfully
synth_design: Time (s): cpu = 00:00:12 ; elapsed = 00:00:23 . Memory (MB): peak = 1876.812 ; gain = 831.969
INFO: [Timing 38-35] Done setting XDC timing constraints.
INFO: [Common 17-1381] The checkpoint 'C:/Users/daanv/Desktop/Git/PWM_controller_motor/PWM_control/PWM_control.runs/PWM_Over_Upcounter_0_0_synth_1/PWM_Over_Upcounter_0_0.dcp' has been generated.
write_checkpoint: Time (s): cpu = 00:00:05 ; elapsed = 00:00:08 . Memory (MB): peak = 2187.047 ; gain = 310.234
INFO: [Coretcl 2-1648] Added synthesis output to IP cache for IP PWM_Over_Upcounter_0_0, cache-ID = 2dcbe95dc338ca4b
INFO: [Common 17-1381] The checkpoint 'C:/Users/daanv/Desktop/Git/PWM_controller_motor/PWM_control/PWM_control.runs/PWM_Over_Upcounter_0_0_synth_1/PWM_Over_Upcounter_0_0.dcp' has been generated.
INFO: [runtcl-4] Executing : report_utilization -file PWM_Over_Upcounter_0_0_utilization_synth.rpt -pb PWM_Over_Upcounter_0_0_utilization_synth.pb
INFO: [Common 17-206] Exiting Vivado at Mon May 15 16:26:59 2023...
