Vivado Simulator v2022.2
Copyright 1986-1999, 2001-2022 Xilinx, Inc. All Rights Reserved.
Running: C:/Xilinx/Vivado/2022.2/bin/unwrapped/win64.o/xelab.exe --incr --debug typical --relax --mt 2 -L xil_defaultlib -L lib_cdc_v1_0_2 -L proc_sys_reset_v5_0_13 -L unisims_ver -L unimacro_ver -L secureip -L xpm --snapshot Design_over_wrapper_behav xil_defaultlib.Design_over_wrapper xil_defaultlib.glbl -log elaborate.log 
Using 2 slave threads.
Starting static elaboration
Pass Through NonSizing Optimizer
WARNING: [VRFC 10-5021] port 'mb_reset' is not connected on this instance [C:/Users/daanv/Desktop/Git/PWM_controller_motor/PWM_Control/PWM_Control.ip_user_files/bd/Design_over/sim/Design_over.v:49]
Completed static elaboration
Starting simulation data flow analysis
Completed simulation data flow analysis
Time Resolution for simulation is 1ps
Compiling package std.standard
Compiling package std.textio
Compiling package ieee.std_logic_1164
Compiling package ieee.std_logic_arith
Compiling package ieee.std_logic_unsigned
Compiling package ieee.numeric_std
Compiling package unisim.vcomponents
Compiling package ieee.vital_timing
Compiling package ieee.vital_primitives
Compiling package unisim.vpkg
Compiling package synopsys.attributes
Compiling package ieee.std_logic_misc
Compiling architecture comparatorbehav of entity xil_defaultlib.Comparator [comparator_default]
Compiling module xil_defaultlib.Design_over_Comparator_0_0
Compiling architecture upcounterbehav of entity xil_defaultlib.Upcounter [upcounter_default]
Compiling module xil_defaultlib.Design_over_Upcounter_0_0
Compiling module unisims_ver.IBUF
Compiling module unisims_ver.MMCME2_ADV(CLKFBOUT_MULT_F=8.0,C...
Compiling module unisims_ver.BUFG
Compiling module xil_defaultlib.Design_over_clk_wiz_0_0_clk_wiz
Compiling module xil_defaultlib.Design_over_clk_wiz_0_0
Compiling architecture fdre_v of entity unisim.FDRE [fdre_default]
Compiling architecture fdre_v of entity unisim.FDRE [\FDRE(init='1')\]
Compiling architecture fdr_v of entity unisim.FDR [fdr_default]
Compiling architecture implementation of entity lib_cdc_v1_0_2.cdc_sync [\cdc_sync(c_vector_width=2,c_mtb...]
Compiling architecture srl16e_v of entity unisim.SRL16E [\SRL16E(init="1111111111111111")...]
Compiling architecture srl16_v of entity unisim.SRL16 [\SRL16(init="1111111111111111")(...]
Compiling architecture imp of entity proc_sys_reset_v5_0_13.lpf [\lpf(c_ext_rst_width=4,c_aux_rst...]
Compiling architecture imp of entity proc_sys_reset_v5_0_13.upcnt_n [\upcnt_n(c_size=6)\]
Compiling architecture imp of entity proc_sys_reset_v5_0_13.sequence_psr [sequence_psr_default]
Compiling architecture imp of entity proc_sys_reset_v5_0_13.proc_sys_reset [\proc_sys_reset(c_family="zynq",...]
Compiling architecture design_over_rst_clk_wiz_0_100m_0_arch of entity xil_defaultlib.Design_over_rst_clk_wiz_0_100M_0 [design_over_rst_clk_wiz_0_100m_0...]
Compiling module xil_defaultlib.Design_over
Compiling module xil_defaultlib.Design_over_wrapper
Compiling module xil_defaultlib.glbl
Built simulation snapshot Design_over_wrapper_behav
