
*** Running vivado
    with args -log PWM_Over_Comparator_0_3.vds -m64 -product Vivado -mode batch -messageDb vivado.pb -notrace -source PWM_Over_Comparator_0_3.tcl



****** Vivado v2023.1 (64-bit)
  **** SW Build 3865809 on Sun May  7 15:05:29 MDT 2023
  **** IP Build 3864474 on Sun May  7 20:36:21 MDT 2023
  **** SharedData Build 3865790 on Sun May 07 13:33:03 MDT 2023
    ** Copyright 1986-2022 Xilinx, Inc. All Rights Reserved.
    ** Copyright 2022-2023 Advanced Micro Devices, Inc. All Rights Reserved.

source PWM_Over_Comparator_0_3.tcl -notrace
create_project: Time (s): cpu = 00:00:03 ; elapsed = 00:00:08 . Memory (MB): peak = 1453.891 ; gain = 152.887
INFO: [IP_Flow 19-234] Refreshing IP repositories
INFO: [IP_Flow 19-1704] No user IP repositories specified
INFO: [IP_Flow 19-2313] Loaded Vivado IP repository 'C:/Xilinx/Vivado/2023.1/data/ip'.
INFO: [IP_Flow 19-6924] IPCACHE: Running cache check for IP inst: PWM_Over_Comparator_0_3
Command: synth_design -top PWM_Over_Comparator_0_3 -part xc7z020clg400-1 -incremental_mode off -mode out_of_context
Starting synth_design
Attempting to get a license for feature 'Synthesis' and/or device 'xc7z020'
INFO: [Common 17-349] Got license for feature 'Synthesis' and/or device 'xc7z020'
INFO: [Device 21-403] Loading part xc7z020clg400-1
INFO: [Synth 8-7079] Multithreading enabled for synth_design using a maximum of 2 processes.
INFO: [Synth 8-7078] Launching helper process for spawning children vivado processes
INFO: [Synth 8-7075] Helper process launched with PID 19060
---------------------------------------------------------------------------------
Starting RTL Elaboration : Time (s): cpu = 00:00:04 ; elapsed = 00:00:07 . Memory (MB): peak = 2308.426 ; gain = 409.668
---------------------------------------------------------------------------------
INFO: [Synth 8-638] synthesizing module 'PWM_Over_Comparator_0_3' [c:/Users/daanv/Desktop/Git/PWM_controller_motor/PWM_Control/PWM_control.gen/sources_1/bd/PWM_Over/ip/PWM_Over_Comparator_0_3/synth/PWM_Over_Comparator_0_3.vhd:65]
INFO: [Synth 8-3491] module 'Comparator' declared at 'C:/Users/daanv/Desktop/Git/PWM_controller_motor/PWM_Control/PWM_Control.srcs/sources_1/new/Comparator.vhd:34' bound to instance 'U0' of component 'Comparator' [c:/Users/daanv/Desktop/Git/PWM_controller_motor/PWM_Control/PWM_control.gen/sources_1/bd/PWM_Over/ip/PWM_Over_Comparator_0_3/synth/PWM_Over_Comparator_0_3.vhd:85]
INFO: [Synth 8-638] synthesizing module 'Comparator' [C:/Users/daanv/Desktop/Git/PWM_controller_motor/PWM_Control/PWM_Control.srcs/sources_1/new/Comparator.vhd:41]
WARNING: [Synth 8-614] signal 'ld' is read in the process but is not in the sensitivity list [C:/Users/daanv/Desktop/Git/PWM_controller_motor/PWM_Control/PWM_Control.srcs/sources_1/new/Comparator.vhd:44]
INFO: [Synth 8-256] done synthesizing module 'Comparator' (0#1) [C:/Users/daanv/Desktop/Git/PWM_controller_motor/PWM_Control/PWM_Control.srcs/sources_1/new/Comparator.vhd:41]
INFO: [Synth 8-256] done synthesizing module 'PWM_Over_Comparator_0_3' (0#1) [c:/Users/daanv/Desktop/Git/PWM_controller_motor/PWM_Control/PWM_control.gen/sources_1/bd/PWM_Over/ip/PWM_Over_Comparator_0_3/synth/PWM_Over_Comparator_0_3.vhd:65]
---------------------------------------------------------------------------------
Finished RTL Elaboration : Time (s): cpu = 00:00:05 ; elapsed = 00:00:09 . Memory (MB): peak = 2402.281 ; gain = 503.523
---------------------------------------------------------------------------------
---------------------------------------------------------------------------------
Start Handling Custom Attributes
---------------------------------------------------------------------------------
---------------------------------------------------------------------------------
Finished Handling Custom Attributes : Time (s): cpu = 00:00:05 ; elapsed = 00:00:09 . Memory (MB): peak = 2420.207 ; gain = 521.449
---------------------------------------------------------------------------------
---------------------------------------------------------------------------------
Finished RTL Optimization Phase 1 : Time (s): cpu = 00:00:05 ; elapsed = 00:00:09 . Memory (MB): peak = 2420.207 ; gain = 521.449
---------------------------------------------------------------------------------
Netlist sorting complete. Time (s): cpu = 00:00:00 ; elapsed = 00:00:00 . Memory (MB): peak = 2420.207 ; gain = 0.000
INFO: [Project 1-570] Preparing netlist for logic optimization

Processing XDC Constraints
Initializing timing engine
Completed Processing XDC Constraints

Netlist sorting complete. Time (s): cpu = 00:00:00 ; elapsed = 00:00:00 . Memory (MB): peak = 2472.238 ; gain = 0.000
INFO: [Project 1-111] Unisim Transformation Summary:
No Unisim elements were transformed.

Constraint Validation Runtime : Time (s): cpu = 00:00:00 ; elapsed = 00:00:00.019 . Memory (MB): peak = 2472.258 ; gain = 0.020
INFO: [Designutils 20-5008] Incremental synthesis strategy off
---------------------------------------------------------------------------------
Finished Constraint Validation : Time (s): cpu = 00:00:08 ; elapsed = 00:00:16 . Memory (MB): peak = 2472.258 ; gain = 573.500
---------------------------------------------------------------------------------
---------------------------------------------------------------------------------
Start Loading Part and Timing Information
---------------------------------------------------------------------------------
Loading part: xc7z020clg400-1
---------------------------------------------------------------------------------
Finished Loading Part and Timing Information : Time (s): cpu = 00:00:08 ; elapsed = 00:00:16 . Memory (MB): peak = 2472.258 ; gain = 573.500
---------------------------------------------------------------------------------
---------------------------------------------------------------------------------
Start Applying 'set_property' XDC Constraints
---------------------------------------------------------------------------------
---------------------------------------------------------------------------------
Finished applying 'set_property' XDC Constraints : Time (s): cpu = 00:00:08 ; elapsed = 00:00:16 . Memory (MB): peak = 2472.258 ; gain = 573.500
---------------------------------------------------------------------------------
WARNING: [Synth 8-327] inferring latch for variable 'pwm_temp_reg' [C:/Users/daanv/Desktop/Git/PWM_controller_motor/PWM_Control/PWM_Control.srcs/sources_1/new/Comparator.vhd:48]
---------------------------------------------------------------------------------
Finished RTL Optimization Phase 2 : Time (s): cpu = 00:00:08 ; elapsed = 00:00:16 . Memory (MB): peak = 2472.258 ; gain = 573.500
---------------------------------------------------------------------------------
---------------------------------------------------------------------------------
Start RTL Component Statistics 
---------------------------------------------------------------------------------
Detailed RTL Component Info : 
---------------------------------------------------------------------------------
Finished RTL Component Statistics 
---------------------------------------------------------------------------------
---------------------------------------------------------------------------------
Start Part Resource Summary
---------------------------------------------------------------------------------
Part Resources:
DSPs: 220 (col length:60)
BRAMs: 280 (col length: RAMB18 60 RAMB36 30)
---------------------------------------------------------------------------------
Finished Part Resource Summary
---------------------------------------------------------------------------------
---------------------------------------------------------------------------------
Start Cross Boundary and Area Optimization
---------------------------------------------------------------------------------
WARNING: [Synth 8-7080] Parallel synthesis criteria is not met
---------------------------------------------------------------------------------
Finished Cross Boundary and Area Optimization : Time (s): cpu = 00:00:09 ; elapsed = 00:00:18 . Memory (MB): peak = 2472.258 ; gain = 573.500
---------------------------------------------------------------------------------
---------------------------------------------------------------------------------
Start Applying XDC Timing Constraints
---------------------------------------------------------------------------------
---------------------------------------------------------------------------------
Finished Applying XDC Timing Constraints : Time (s): cpu = 00:00:10 ; elapsed = 00:00:23 . Memory (MB): peak = 2472.258 ; gain = 573.500
---------------------------------------------------------------------------------
---------------------------------------------------------------------------------
Start Timing Optimization
---------------------------------------------------------------------------------
---------------------------------------------------------------------------------
Finished Timing Optimization : Time (s): cpu = 00:00:10 ; elapsed = 00:00:23 . Memory (MB): peak = 2472.258 ; gain = 573.500
---------------------------------------------------------------------------------
---------------------------------------------------------------------------------
Start Technology Mapping
---------------------------------------------------------------------------------
---------------------------------------------------------------------------------
Finished Technology Mapping : Time (s): cpu = 00:00:10 ; elapsed = 00:00:23 . Memory (MB): peak = 2472.258 ; gain = 573.500
---------------------------------------------------------------------------------
---------------------------------------------------------------------------------
Start IO Insertion
---------------------------------------------------------------------------------
---------------------------------------------------------------------------------
Start Flattening Before IO Insertion
---------------------------------------------------------------------------------
---------------------------------------------------------------------------------
Finished Flattening Before IO Insertion
---------------------------------------------------------------------------------
---------------------------------------------------------------------------------
Start Final Netlist Cleanup
---------------------------------------------------------------------------------
---------------------------------------------------------------------------------
Finished Final Netlist Cleanup
---------------------------------------------------------------------------------
---------------------------------------------------------------------------------
Finished IO Insertion : Time (s): cpu = 00:00:12 ; elapsed = 00:00:27 . Memory (MB): peak = 2472.258 ; gain = 573.500
---------------------------------------------------------------------------------
---------------------------------------------------------------------------------
Start Renaming Generated Instances
---------------------------------------------------------------------------------
---------------------------------------------------------------------------------
Finished Renaming Generated Instances : Time (s): cpu = 00:00:12 ; elapsed = 00:00:27 . Memory (MB): peak = 2472.258 ; gain = 573.500
---------------------------------------------------------------------------------
---------------------------------------------------------------------------------
Start Rebuilding User Hierarchy
---------------------------------------------------------------------------------
---------------------------------------------------------------------------------
Finished Rebuilding User Hierarchy : Time (s): cpu = 00:00:12 ; elapsed = 00:00:27 . Memory (MB): peak = 2472.258 ; gain = 573.500
---------------------------------------------------------------------------------
---------------------------------------------------------------------------------
Start Renaming Generated Ports
---------------------------------------------------------------------------------
---------------------------------------------------------------------------------
Finished Renaming Generated Ports : Time (s): cpu = 00:00:12 ; elapsed = 00:00:27 . Memory (MB): peak = 2472.258 ; gain = 573.500
---------------------------------------------------------------------------------
---------------------------------------------------------------------------------
Start Handling Custom Attributes
---------------------------------------------------------------------------------
---------------------------------------------------------------------------------
Finished Handling Custom Attributes : Time (s): cpu = 00:00:12 ; elapsed = 00:00:27 . Memory (MB): peak = 2472.258 ; gain = 573.500
---------------------------------------------------------------------------------
---------------------------------------------------------------------------------
Start Renaming Generated Nets
---------------------------------------------------------------------------------
---------------------------------------------------------------------------------
Finished Renaming Generated Nets : Time (s): cpu = 00:00:12 ; elapsed = 00:00:27 . Memory (MB): peak = 2472.258 ; gain = 573.500
---------------------------------------------------------------------------------
---------------------------------------------------------------------------------
Start Writing Synthesis Report
---------------------------------------------------------------------------------

Report BlackBoxes: 
+-+--------------+----------+
| |BlackBox name |Instances |
+-+--------------+----------+
+-+--------------+----------+

Report Cell Usage: 
+------+-------+------+
|      |Cell   |Count |
+------+-------+------+
|1     |CARRY4 |     1|
|2     |LUT1   |     1|
|3     |LUT2   |     1|
|4     |LUT4   |     8|
|5     |LDCP   |     1|
+------+-------+------+
---------------------------------------------------------------------------------
Finished Writing Synthesis Report : Time (s): cpu = 00:00:12 ; elapsed = 00:00:27 . Memory (MB): peak = 2472.258 ; gain = 573.500
---------------------------------------------------------------------------------
Synthesis finished with 0 errors, 0 critical warnings and 2 warnings.
Synthesis Optimization Runtime : Time (s): cpu = 00:00:07 ; elapsed = 00:00:26 . Memory (MB): peak = 2472.258 ; gain = 521.449
Synthesis Optimization Complete : Time (s): cpu = 00:00:12 ; elapsed = 00:00:27 . Memory (MB): peak = 2472.258 ; gain = 573.500
INFO: [Project 1-571] Translating synthesized netlist
Netlist sorting complete. Time (s): cpu = 00:00:00 ; elapsed = 00:00:00 . Memory (MB): peak = 2472.258 ; gain = 0.000
INFO: [Netlist 29-17] Analyzing 2 Unisim elements for replacement
INFO: [Netlist 29-28] Unisim Transformation completed in 0 CPU seconds
INFO: [Project 1-570] Preparing netlist for logic optimization
INFO: [Opt 31-138] Pushed 0 inverter(s) to 0 load pin(s).
Netlist sorting complete. Time (s): cpu = 00:00:00 ; elapsed = 00:00:00 . Memory (MB): peak = 2472.258 ; gain = 0.000
INFO: [Project 1-111] Unisim Transformation Summary:
  A total of 1 instances were transformed.
  LDCP => LDCP (GND, LDCE, LUT3(x2), VCC): 1 instance 

Synth Design complete | Checksum: 7f5806f1
INFO: [Common 17-83] Releasing license: Synthesis
24 Infos, 3 Warnings, 0 Critical Warnings and 0 Errors encountered.
synth_design completed successfully
synth_design: Time (s): cpu = 00:00:15 ; elapsed = 00:00:33 . Memory (MB): peak = 2472.258 ; gain = 978.090
INFO: [Common 17-1381] The checkpoint 'C:/Users/daanv/Desktop/Git/PWM_controller_motor/PWM_Control/PWM_Control.runs/PWM_Over_Comparator_0_3_synth_1/PWM_Over_Comparator_0_3.dcp' has been generated.
INFO: [Coretcl 2-1648] Added synthesis output to IP cache for IP PWM_Over_Comparator_0_3, cache-ID = 6f211e87fc37b456
INFO: [Common 17-1381] The checkpoint 'C:/Users/daanv/Desktop/Git/PWM_controller_motor/PWM_Control/PWM_Control.runs/PWM_Over_Comparator_0_3_synth_1/PWM_Over_Comparator_0_3.dcp' has been generated.
INFO: [runtcl-4] Executing : report_utilization -file PWM_Over_Comparator_0_3_utilization_synth.rpt -pb PWM_Over_Comparator_0_3_utilization_synth.pb
INFO: [Common 17-206] Exiting Vivado at Thu Jun 15 13:41:18 2023...
