
*** Running vivado
    with args -log PWM_Over_Reg_0_1.vds -m64 -product Vivado -mode batch -messageDb vivado.pb -notrace -source PWM_Over_Reg_0_1.tcl



****** Vivado v2023.1 (64-bit)
  **** SW Build 3865809 on Sun May  7 15:05:29 MDT 2023
  **** IP Build 3864474 on Sun May  7 20:36:21 MDT 2023
  **** SharedData Build 3865790 on Sun May 07 13:33:03 MDT 2023
    ** Copyright 1986-2022 Xilinx, Inc. All Rights Reserved.
    ** Copyright 2022-2023 Advanced Micro Devices, Inc. All Rights Reserved.

source PWM_Over_Reg_0_1.tcl -notrace
create_project: Time (s): cpu = 00:00:05 ; elapsed = 00:00:08 . Memory (MB): peak = 1451.758 ; gain = 150.930
INFO: [IP_Flow 19-234] Refreshing IP repositories
INFO: [IP_Flow 19-1704] No user IP repositories specified
INFO: [IP_Flow 19-2313] Loaded Vivado IP repository 'C:/Xilinx/Vivado/2023.1/data/ip'.
INFO: [IP_Flow 19-6924] IPCACHE: Running cache check for IP inst: PWM_Over_Reg_0_1
Command: synth_design -top PWM_Over_Reg_0_1 -part xc7z020clg400-1 -incremental_mode off -mode out_of_context
Starting synth_design
Attempting to get a license for feature 'Synthesis' and/or device 'xc7z020'
INFO: [Common 17-349] Got license for feature 'Synthesis' and/or device 'xc7z020'
INFO: [Designutils 20-5008] Incremental synthesis strategy off
INFO: [Synth 8-7079] Multithreading enabled for synth_design using a maximum of 2 processes.
INFO: [Synth 8-7078] Launching helper process for spawning children vivado processes
INFO: [Synth 8-7075] Helper process launched with PID 19152
---------------------------------------------------------------------------------
Starting Synthesize : Time (s): cpu = 00:00:06 ; elapsed = 00:00:10 . Memory (MB): peak = 1905.035 ; gain = 411.223
---------------------------------------------------------------------------------
INFO: [Synth 8-638] synthesizing module 'PWM_Over_Reg_0_1' [c:/Users/daanv/Desktop/Git/PWM_controller_motor/PWM_Control/PWM_control.gen/sources_1/bd/PWM_Over/ip/PWM_Over_Reg_0_1/synth/PWM_Over_Reg_0_1.vhd:66]
INFO: [Synth 8-3491] module 'Reg' declared at 'C:/Users/daanv/Desktop/Git/PWM_controller_motor/PWM_Control/PWM_Control.srcs/sources_1/new/Reg.vhd:34' bound to instance 'U0' of component 'Reg' [c:/Users/daanv/Desktop/Git/PWM_controller_motor/PWM_Control/PWM_control.gen/sources_1/bd/PWM_Over/ip/PWM_Over_Reg_0_1/synth/PWM_Over_Reg_0_1.vhd:93]
INFO: [Synth 8-638] synthesizing module 'Reg' [C:/Users/daanv/Desktop/Git/PWM_controller_motor/PWM_Control/PWM_Control.srcs/sources_1/new/Reg.vhd:42]
INFO: [Synth 8-256] done synthesizing module 'Reg' (0#1) [C:/Users/daanv/Desktop/Git/PWM_controller_motor/PWM_Control/PWM_Control.srcs/sources_1/new/Reg.vhd:42]
INFO: [Synth 8-256] done synthesizing module 'PWM_Over_Reg_0_1' (0#1) [c:/Users/daanv/Desktop/Git/PWM_controller_motor/PWM_Control/PWM_control.gen/sources_1/bd/PWM_Over/ip/PWM_Over_Reg_0_1/synth/PWM_Over_Reg_0_1.vhd:66]
---------------------------------------------------------------------------------
Finished Synthesize : Time (s): cpu = 00:00:08 ; elapsed = 00:00:12 . Memory (MB): peak = 1995.875 ; gain = 502.062
---------------------------------------------------------------------------------
---------------------------------------------------------------------------------
Finished Constraint Validation : Time (s): cpu = 00:00:08 ; elapsed = 00:00:13 . Memory (MB): peak = 1995.875 ; gain = 502.062
---------------------------------------------------------------------------------
---------------------------------------------------------------------------------
Start Loading Part and Timing Information
---------------------------------------------------------------------------------
Loading part: xc7z020clg400-1
---------------------------------------------------------------------------------
Finished Loading Part and Timing Information : Time (s): cpu = 00:00:08 ; elapsed = 00:00:13 . Memory (MB): peak = 1995.875 ; gain = 502.062
---------------------------------------------------------------------------------
INFO: [Device 21-403] Loading part xc7z020clg400-1
---------------------------------------------------------------------------------
Finished RTL Optimization Phase 2 : Time (s): cpu = 00:00:08 ; elapsed = 00:00:13 . Memory (MB): peak = 1995.875 ; gain = 502.062
---------------------------------------------------------------------------------
No constraint files found.
---------------------------------------------------------------------------------
Start RTL Component Statistics 
---------------------------------------------------------------------------------
Detailed RTL Component Info : 
+---Registers : 
	                8 Bit    Registers := 1     
---------------------------------------------------------------------------------
Finished RTL Component Statistics 
---------------------------------------------------------------------------------
---------------------------------------------------------------------------------
Start Part Resource Summary
---------------------------------------------------------------------------------
Part Resources:
DSPs: 220 (col length:60)
BRAMs: 280 (col length: RAMB18 60 RAMB36 30)
---------------------------------------------------------------------------------
Finished Part Resource Summary
---------------------------------------------------------------------------------
No constraint files found.
---------------------------------------------------------------------------------
Start Cross Boundary and Area Optimization
---------------------------------------------------------------------------------
WARNING: [Synth 8-7080] Parallel synthesis criteria is not met
---------------------------------------------------------------------------------
Finished Cross Boundary and Area Optimization : Time (s): cpu = 00:00:12 ; elapsed = 00:00:22 . Memory (MB): peak = 2199.348 ; gain = 705.535
---------------------------------------------------------------------------------
No constraint files found.
---------------------------------------------------------------------------------
Start Timing Optimization
---------------------------------------------------------------------------------
---------------------------------------------------------------------------------
Finished Timing Optimization : Time (s): cpu = 00:00:12 ; elapsed = 00:00:22 . Memory (MB): peak = 2199.348 ; gain = 705.535
---------------------------------------------------------------------------------
---------------------------------------------------------------------------------
Start Technology Mapping
---------------------------------------------------------------------------------
---------------------------------------------------------------------------------
Finished Technology Mapping : Time (s): cpu = 00:00:12 ; elapsed = 00:00:22 . Memory (MB): peak = 2199.348 ; gain = 705.535
---------------------------------------------------------------------------------
---------------------------------------------------------------------------------
Start IO Insertion
---------------------------------------------------------------------------------
---------------------------------------------------------------------------------
Start Flattening Before IO Insertion
---------------------------------------------------------------------------------
---------------------------------------------------------------------------------
Finished Flattening Before IO Insertion
---------------------------------------------------------------------------------
---------------------------------------------------------------------------------
Start Final Netlist Cleanup
---------------------------------------------------------------------------------
---------------------------------------------------------------------------------
Finished Final Netlist Cleanup
---------------------------------------------------------------------------------
---------------------------------------------------------------------------------
Finished IO Insertion : Time (s): cpu = 00:00:18 ; elapsed = 00:00:29 . Memory (MB): peak = 2199.348 ; gain = 705.535
---------------------------------------------------------------------------------
---------------------------------------------------------------------------------
Start Renaming Generated Instances
---------------------------------------------------------------------------------
---------------------------------------------------------------------------------
Finished Renaming Generated Instances : Time (s): cpu = 00:00:18 ; elapsed = 00:00:29 . Memory (MB): peak = 2199.348 ; gain = 705.535
---------------------------------------------------------------------------------
---------------------------------------------------------------------------------
Start Rebuilding User Hierarchy
---------------------------------------------------------------------------------
---------------------------------------------------------------------------------
Finished Rebuilding User Hierarchy : Time (s): cpu = 00:00:18 ; elapsed = 00:00:29 . Memory (MB): peak = 2199.348 ; gain = 705.535
---------------------------------------------------------------------------------
---------------------------------------------------------------------------------
Start Renaming Generated Ports
---------------------------------------------------------------------------------
---------------------------------------------------------------------------------
Finished Renaming Generated Ports : Time (s): cpu = 00:00:18 ; elapsed = 00:00:29 . Memory (MB): peak = 2199.348 ; gain = 705.535
---------------------------------------------------------------------------------
---------------------------------------------------------------------------------
Start Handling Custom Attributes
---------------------------------------------------------------------------------
---------------------------------------------------------------------------------
Finished Handling Custom Attributes : Time (s): cpu = 00:00:18 ; elapsed = 00:00:29 . Memory (MB): peak = 2199.348 ; gain = 705.535
---------------------------------------------------------------------------------
---------------------------------------------------------------------------------
Start Renaming Generated Nets
---------------------------------------------------------------------------------
---------------------------------------------------------------------------------
Finished Renaming Generated Nets : Time (s): cpu = 00:00:18 ; elapsed = 00:00:29 . Memory (MB): peak = 2199.348 ; gain = 705.535
---------------------------------------------------------------------------------
---------------------------------------------------------------------------------
Start Writing Synthesis Report
---------------------------------------------------------------------------------

Report BlackBoxes: 
+-+--------------+----------+
| |BlackBox name |Instances |
+-+--------------+----------+
+-+--------------+----------+

Report Cell Usage: 
+------+-----+------+
|      |Cell |Count |
+------+-----+------+
|1     |FDCE |     8|
+------+-----+------+

Report Instance Areas: 
+------+---------+-------+------+
|      |Instance |Module |Cells |
+------+---------+-------+------+
|1     |top      |       |     8|
|2     |  U0     |Reg    |     8|
+------+---------+-------+------+
---------------------------------------------------------------------------------
Finished Writing Synthesis Report : Time (s): cpu = 00:00:18 ; elapsed = 00:00:29 . Memory (MB): peak = 2199.348 ; gain = 705.535
---------------------------------------------------------------------------------
Synthesis finished with 0 errors, 0 critical warnings and 1 warnings.
Synthesis Optimization Runtime : Time (s): cpu = 00:00:18 ; elapsed = 00:00:29 . Memory (MB): peak = 2199.348 ; gain = 705.535
Synthesis Optimization Complete : Time (s): cpu = 00:00:18 ; elapsed = 00:00:29 . Memory (MB): peak = 2199.348 ; gain = 705.535
INFO: [Project 1-571] Translating synthesized netlist
Netlist sorting complete. Time (s): cpu = 00:00:00 ; elapsed = 00:00:00.002 . Memory (MB): peak = 2202.301 ; gain = 0.000
INFO: [Project 1-570] Preparing netlist for logic optimization
INFO: [Opt 31-138] Pushed 0 inverter(s) to 0 load pin(s).
Netlist sorting complete. Time (s): cpu = 00:00:00 ; elapsed = 00:00:00 . Memory (MB): peak = 2308.168 ; gain = 0.000
INFO: [Project 1-111] Unisim Transformation Summary:
No Unisim elements were transformed.

Synth Design complete | Checksum: 6b7f4194
INFO: [Common 17-83] Releasing license: Synthesis
20 Infos, 1 Warnings, 0 Critical Warnings and 0 Errors encountered.
synth_design completed successfully
synth_design: Time (s): cpu = 00:00:19 ; elapsed = 00:00:32 . Memory (MB): peak = 2308.168 ; gain = 815.348
INFO: [Timing 38-35] Done setting XDC timing constraints.
INFO: [Common 17-1381] The checkpoint 'C:/Users/daanv/Desktop/Git/PWM_controller_motor/PWM_Control/PWM_Control.runs/PWM_Over_Reg_0_1_synth_1/PWM_Over_Reg_0_1.dcp' has been generated.
write_checkpoint: Time (s): cpu = 00:00:07 ; elapsed = 00:00:11 . Memory (MB): peak = 2604.352 ; gain = 296.184
INFO: [Coretcl 2-1648] Added synthesis output to IP cache for IP PWM_Over_Reg_0_1, cache-ID = 2fda1b974fed9d00
INFO: [Common 17-1381] The checkpoint 'C:/Users/daanv/Desktop/Git/PWM_controller_motor/PWM_Control/PWM_Control.runs/PWM_Over_Reg_0_1_synth_1/PWM_Over_Reg_0_1.dcp' has been generated.
INFO: [runtcl-4] Executing : report_utilization -file PWM_Over_Reg_0_1_utilization_synth.rpt -pb PWM_Over_Reg_0_1_utilization_synth.pb
INFO: [Common 17-206] Exiting Vivado at Wed Jun  7 13:38:48 2023...
